<?xml version="1.0" encoding="UTF-8"?>
<testsuite xmlns:xsi="http://www.w3.org/2001/XMLSchema-instance" xsi:noNamespaceSchemaLocation="https://maven.apache.org/surefire/maven-surefire-plugin/xsd/surefire-test-report.xsd" name="com.nart.groupTest" time="2.522" tests="3" errors="1" skipped="0" failures="0">
  <properties>
[...]
</properties>
  <testcase name="sendInvite" classname="com.nart.groupTest" time="0.019">
    <error type="java.lang.NullPointerException">java.lang.NullPointerException
	at com.nart.groupTest.sendInvite(groupTest.java:30)
</error>
    <system-out><![CDATA[2023-01-04 14:18:55.456  INFO 2684 --- [           main] .b.t.c.SpringBootTestContextBootstrapper : Neither @ContextConfiguration nor @ContextHierarchy found for test class [com.nart.groupTest], using SpringBootContextLoader
2023-01-04 14:18:55.457  INFO 2684 --- [           main] o.s.t.c.support.AbstractContextLoader    : Could not detect default resource locations for test class [com.nart.groupTest]: no resource found for suffixes {-context.xml, Context.groovy}.
2023-01-04 14:18:55.457  INFO 2684 --- [           main] t.c.s.AnnotationConfigContextLoaderUtils : Could not detect default configuration classes for test class [com.nart.groupTest]: groupTest does not declare any static, non-private, non-final, nested classes annotated with @Configuration.
2023-01-04 14:18:55.459  INFO 2684 --- [           main] .b.t.c.SpringBootTestContextBootstrapper : Found @SpringBootConfiguration com.nart.TestApplication for test class com.nart.groupTest
2023-01-04 14:18:55.461  INFO 2684 --- [           main] .b.t.c.SpringBootTestContextBootstrapper : Loaded default TestExecutionListener class names from location [META-INF/spring.factories]: [org.springframework.boot.test.mock.mockito.MockitoTestExecutionListener, org.springframework.boot.test.mock.mockito.ResetMocksTestExecutionListener, org.springframework.boot.test.autoconfigure.restdocs.RestDocsTestExecutionListener, org.springframework.boot.test.autoconfigure.web.client.MockRestServiceServerResetTestExecutionListener, org.springframework.boot.test.autoconfigure.web.servlet.MockMvcPrintOnlyOnFailureTestExecutionListener, org.springframework.boot.test.autoconfigure.web.servlet.WebDriverTestExecutionListener, org.springframework.boot.test.autoconfigure.webservices.client.MockWebServiceServerTestExecutionListener, org.springframework.test.context.web.ServletTestExecutionListener, org.springframework.test.context.support.DirtiesContextBeforeModesTestExecutionListener, org.springframework.test.context.event.ApplicationEventsTestExecutionListener, org.springframework.test.context.support.DependencyInjectionTestExecutionListener, org.springframework.test.context.support.DirtiesContextTestExecutionListener, org.springframework.test.context.transaction.TransactionalTestExecutionListener, org.springframework.test.context.jdbc.SqlScriptsTestExecutionListener, org.springframework.test.context.event.EventPublishingTestExecutionListener]
2023-01-04 14:18:55.461  INFO 2684 --- [           main] .b.t.c.SpringBootTestContextBootstrapper : Using TestExecutionListeners: [org.springframework.test.context.web.ServletTestExecutionListener@3d490cd1, org.springframework.test.context.support.DirtiesContextBeforeModesTestExecutionListener@9520837, org.springframework.test.context.event.ApplicationEventsTestExecutionListener@1ab59b7e, org.springframework.boot.test.mock.mockito.MockitoTestExecutionListener@28cf8d51, org.springframework.boot.test.autoconfigure.SpringBootDependencyInjectionTestExecutionListener@5d15231d, org.springframework.test.context.support.DirtiesContextTestExecutionListener@441f9b38, org.springframework.test.context.transaction.TransactionalTestExecutionListener@72c786ae, org.springframework.test.context.jdbc.SqlScriptsTestExecutionListener@263628a2, org.springframework.test.context.event.EventPublishingTestExecutionListener@524feab2, org.springframework.boot.test.mock.mockito.ResetMocksTestExecutionListener@6ab17d98, org.springframework.boot.test.autoconfigure.restdocs.RestDocsTestExecutionListener@240d7496, org.springframework.boot.test.autoconfigure.web.client.MockRestServiceServerResetTestExecutionListener@33e93b8d, org.springframework.boot.test.autoconfigure.web.servlet.MockMvcPrintOnlyOnFailureTestExecutionListener@1ede4d38, org.springframework.boot.test.autoconfigure.web.servlet.WebDriverTestExecutionListener@7f62bec6, org.springframework.boot.test.autoconfigure.webservices.client.MockWebServiceServerTestExecutionListener@3084dc78]

  .   ____          _            __ _ _
 /\\ / ___'_ __ _ _(_)_ __  __ _ \ \ \ \
( ( )\___ | '_ | '_| | '_ \/ _` | \ \ \ \
 \\/  ___)| |_)| | | | | || (_| |  ) ) ) )
  '  |____| .__|_| |_|_| |_\__, | / / / /
 =========|_|==============|___/=/_/_/_/
 :: Spring Boot ::                (v2.5.0)

2023-01-04 14:18:55.499  INFO 2684 --- [           main] com.nart.groupTest                       : Starting groupTest using Java 1.8.0_144 on LAPTOP-6KA17G0S with PID 2684 (started by liuyu in C:\4th-year-project\v1\1.0\pack\nart)
2023-01-04 14:18:55.500  INFO 2684 --- [           main] com.nart.groupTest                       : No active profile set, falling back to default profiles: default
2023-01-04 14:18:55.703  INFO 2684 --- [           main] .s.d.r.c.RepositoryConfigurationDelegate : Multiple Spring Data modules found, entering strict repository configuration mode!
2023-01-04 14:18:55.704  INFO 2684 --- [           main] .s.d.r.c.RepositoryConfigurationDelegate : Bootstrapping Spring Data Redis repositories in DEFAULT mode.
2023-01-04 14:18:55.717  INFO 2684 --- [           main] .s.d.r.c.RepositoryConfigurationDelegate : Finished Spring Data repository scanning in 12 ms. Found 0 Redis repository interfaces.
Logging initialized using 'class org.apache.ibatis.logging.stdout.StdOutImpl' adapter.
Registered plugin: 'com.baomidou.mybatisplus.extension.plugins.MybatisPlusInterceptor@1becd21c'
Parsed mapper file: 'file [C:\4th-year-project\v1\1.0\pack\nart\target\classes\dao\CommentDao.xml]'
Parsed mapper file: 'file [C:\4th-year-project\v1\1.0\pack\nart\target\classes\dao\DataCounterDao.xml]'
Parsed mapper file: 'file [C:\4th-year-project\v1\1.0\pack\nart\target\classes\dao\FriendDao.xml]'
Parsed mapper file: 'file [C:\4th-year-project\v1\1.0\pack\nart\target\classes\dao\StatusDao.xml]'
 _ _   |_  _ _|_. ___ _ |    _ 
| | |\/|_)(_| | |_\  |_)||_|_\ 
     /               |         
                        3.4.1 
2023-01-04 14:18:56.648  INFO 2684 --- [           main] com.nart.util.SpringUtil                 : ApplicationContext配置成功,applicationContext对象：org.springframework.boot.web.servlet.context.AnnotationConfigServletWebServerApplicationContext@2bf2523f, started on Wed Jan 04 14:18:47 EST 2023
Can not find table primary key in Class: "com.nart.pojo.Message".
2023-01-04 14:18:57.288  INFO 2684 --- [           main] com.nart.groupTest                       : Started groupTest in 1.816 seconds (JVM running for 11.265)
2023-01-04 14:18:57.288  INFO 2684 --- [           main] o.s.b.a.ApplicationAvailabilityBean      : Application availability state LivenessState changed to CORRECT
2023-01-04 14:18:57.289  INFO 2684 --- [           main] o.s.b.a.ApplicationAvailabilityBean      : Application availability state ReadinessState changed to ACCEPTING_TRAFFIC
]]></system-out>
  </testcase>
  <testcase name="findGroup" classname="com.nart.groupTest" time="0.659"/>
  <testcase name="contextLoads" classname="com.nart.groupTest" time="0.003"/>
</testsuite>