<?xml version="1.0" encoding="UTF-8" standalone="yes"?><!DOCTYPE report PUBLIC "-//JACOCO//DTD Report 1.1//EN" "report.dtd"><report name="nart"><sessioninfo id="DESKTOP-F7Q7TBH-dd5ea4a" start="1671733488962" dump="1671733515607"/><sessioninfo id="DESKTOP-F7Q7TBH-11a134a3" start="1671733737838" dump="1671733744942"/><package name="com/nart/handler"><class name="com/nart/handler/AllExceptionHander" sourcefilename="AllExceptionHander.java"><method name="&lt;init&gt;" desc="()V" line="20"><counter type="INSTRUCTION" missed="0" covered="3"/><counter type="LINE" missed="0" covered="1"/><counter type="COMPLEXITY" missed="0" covered="1"/><counter type="METHOD" missed="0" covered="1"/></method><method name="doException" desc="(Ljava/lang/Exception;)Lcom/nart/util/Result;" line="24"><counter type="INSTRUCTION" missed="5" covered="0"/><counter type="LINE" missed="2" covered="0"/><counter type="COMPLEXITY" missed="1" covered="0"/><counter type="METHOD" missed="1" covered="0"/></method><counter type="INSTRUCTION" missed="5" covered="3"/><counter type="LINE" missed="2" covered="1"/><counter type="COMPLEXITY" missed="1" covered="1"/><counter type="METHOD" missed="1" covered="1"/><counter type="CLASS" missed="0" covered="1"/></class><class name="com/nart/handler/LoginInterceptor" sourcefilename="LoginInterceptor.java"><method name="&lt;init&gt;" desc="()V" line="32"><counter type="INSTRUCTION" missed="0" covered="3"/><counter type="LINE" missed="0" covered="1"/><counter type="COMPLEXITY" missed="0" covered="1"/><counter type="METHOD" missed="0" covered="1"/></method><method name="preHandle" desc="(Ljavax/servlet/http/HttpServletRequest;Ljavax/servlet/http/HttpServletResponse;Ljava/lang/Object;)Z" line="46"><counter type="INSTRUCTION" missed="65" covered="0"/><counter type="BRANCH" missed="6" covered="0"/><counter type="LINE" missed="19" covered="0"/><counter type="COMPLEXITY" missed="4" covered="0"/><counter type="METHOD" missed="1" covered="0"/></method><method name="afterCompletion" desc="(Ljavax/servlet/http/HttpServletRequest;Ljavax/servlet/http/HttpServletResponse;Ljava/lang/Object;Ljava/lang/Exception;)V" line="77"><counter type="INSTRUCTION" missed="2" covered="0"/><counter type="LINE" missed="2" covered="0"/><counter type="COMPLEXITY" missed="1" covered="0"/><counter type="METHOD" missed="1" covered="0"/></method><method name="noLogin" desc="(Ljavax/servlet/http/HttpServletResponse;)V" line="81"><counter type="INSTRUCTION" missed="12" covered="0"/><counter type="LINE" missed="4" covered="0"/><counter type="COMPLEXITY" missed="1" covered="0"/><counter type="METHOD" missed="1" covered="0"/></method><method name="&lt;clinit&gt;" desc="()V" line="31"><counter type="INSTRUCTION" missed="0" covered="4"/><counter type="LINE" missed="0" covered="1"/><counter type="COMPLEXITY" missed="0" covered="1"/><counter type="METHOD" missed="0" covered="1"/></method><counter type="INSTRUCTION" missed="79" covered="7"/><counter type="BRANCH" missed="6" covered="0"/><counter type="LINE" missed="25" covered="2"/><counter type="COMPLEXITY" missed="6" covered="2"/><counter type="METHOD" missed="3" covered="2"/><counter type="CLASS" missed="0" covered="1"/></class><sourcefile name="LoginInterceptor.java"><line nr="31" mi="0" ci="4" mb="0" cb="0"/><line nr="32" mi="0" ci="3" mb="0" cb="0"/><line nr="46" mi="3" ci="0" mb="2" cb="0"/><line nr="48" mi="2" ci="0" mb="0" cb="0"/><line nr="50" mi="4" ci="0" mb="0" cb="0"/><line nr="51" mi="10" ci="0" mb="0" cb="0"/><line nr="53" mi="3" ci="0" mb="0" cb="0"/><line nr="54" mi="3" ci="0" mb="0" cb="0"/><line nr="55" mi="4" ci="0" mb="0" cb="0"/><line nr="56" mi="5" ci="0" mb="0" cb="0"/><line nr="57" mi="4" ci="0" mb="0" cb="0"/><line nr="58" mi="3" ci="0" mb="0" cb="0"/><line nr="60" mi="3" ci="0" mb="2" cb="0"/><line nr="61" mi="3" ci="0" mb="0" cb="0"/><line nr="62" mi="2" ci="0" mb="0" cb="0"/><line nr="64" mi="5" ci="0" mb="0" cb="0"/><line nr="65" mi="2" ci="0" mb="2" cb="0"/><line nr="66" mi="3" ci="0" mb="0" cb="0"/><line nr="67" mi="2" ci="0" mb="0" cb="0"/><line nr="70" mi="2" ci="0" mb="0" cb="0"/><line nr="71" mi="2" ci="0" mb="0" cb="0"/><line nr="77" mi="1" ci="0" mb="0" cb="0"/><line nr="78" mi="1" ci="0" mb="0" cb="0"/><line nr="81" mi="3" ci="0" mb="0" cb="0"/><line nr="82" mi="3" ci="0" mb="0" cb="0"/><line nr="83" mi="5" ci="0" mb="0" cb="0"/><line nr="84" mi="1" ci="0" mb="0" cb="0"/><counter type="INSTRUCTION" missed="79" covered="7"/><counter type="BRANCH" missed="6" covered="0"/><counter type="LINE" missed="25" covered="2"/><counter type="COMPLEXITY" missed="6" covered="2"/><counter type="METHOD" missed="3" covered="2"/><counter type="CLASS" missed="0" covered="1"/></sourcefile><sourcefile name="AllExceptionHander.java"><line nr="20" mi="0" ci="3" mb="0" cb="0"/><line nr="24" mi="2" ci="0" mb="0" cb="0"/><line nr="25" mi="3" ci="0" mb="0" cb="0"/><counter type="INSTRUCTION" missed="5" covered="3"/><counter type="LINE" missed="2" covered="1"/><counter type="COMPLEXITY" missed="1" covered="1"/><counter type="METHOD" missed="1" covered="1"/><counter type="CLASS" missed="0" covered="1"/></sourcefile><counter type="INSTRUCTION" missed="84" covered="10"/><counter type="BRANCH" missed="6" covered="0"/><counter type="LINE" missed="27" covered="3"/><counter type="COMPLEXITY" missed="7" covered="3"/><counter type="METHOD" missed="4" covered="3"/><counter type="CLASS" missed="0" covered="2"/></package><package name="com/nart"><class name="com/nart/TestApplication" sourcefilename="TestApplication.java"><method name="&lt;init&gt;" desc="()V" line="9"><counter type="INSTRUCTION" missed="0" covered="3"/><counter type="LINE" missed="0" covered="1"/><counter type="COMPLEXITY" missed="0" covered="1"/><counter type="METHOD" missed="0" covered="1"/></method><method name="main" desc="([Ljava/lang/String;)V" line="12"><counter type="INSTRUCTION" missed="5" covered="0"/><counter type="LINE" missed="2" covered="0"/><counter type="COMPLEXITY" missed="1" covered="0"/><counter type="METHOD" missed="1" covered="0"/></method><counter type="INSTRUCTION" missed="5" covered="3"/><counter type="LINE" missed="2" covered="1"/><counter type="COMPLEXITY" missed="1" covered="1"/><counter type="METHOD" missed="1" covered="1"/><counter type="CLASS" missed="0" covered="1"/></class><sourcefile name="TestApplication.java"><line nr="9" mi="0" ci="3" mb="0" cb="0"/><line nr="12" mi="4" ci="0" mb="0" cb="0"/><line nr="13" mi="1" ci="0" mb="0" cb="0"/><counter type="INSTRUCTION" missed="5" covered="3"/><counter type="LINE" missed="2" covered="1"/><counter type="COMPLEXITY" missed="1" covered="1"/><counter type="METHOD" missed="1" covered="1"/><counter type="CLASS" missed="0" covered="1"/></sourcefile><counter type="INSTRUCTION" missed="5" covered="3"/><counter type="LINE" missed="2" covered="1"/><counter type="COMPLEXITY" missed="1" covered="1"/><counter type="METHOD" missed="1" covered="1"/><counter type="CLASS" missed="0" covered="1"/></package><package name="com/nart/util"><class name="com/nart/util/SpringUtil" sourcefilename="SpringUtil.java"><method name="&lt;init&gt;" desc="()V" line="20"><counter type="INSTRUCTION" missed="0" covered="3"/><counter type="LINE" missed="0" covered="1"/><counter type="COMPLEXITY" missed="0" covered="1"/><counter type="METHOD" missed="0" covered="1"/></method><method name="setApplicationContext" desc="(Lorg/springframework/context/ApplicationContext;)V" line="30"><counter type="INSTRUCTION" missed="0" covered="15"/><counter type="BRANCH" missed="0" covered="2"/><counter type="LINE" missed="0" covered="4"/><counter type="COMPLEXITY" missed="0" covered="2"/><counter type="METHOD" missed="0" covered="1"/></method><method name="getApplicationContext" desc="()Lorg/springframework/context/ApplicationContext;" line="42"><counter type="INSTRUCTION" missed="2" covered="0"/><counter type="LINE" missed="1" covered="0"/><counter type="COMPLEXITY" missed="1" covered="0"/><counter type="METHOD" missed="1" covered="0"/></method><method name="getBean" desc="(Ljava/lang/String;)Ljava/lang/Object;" line="48"><counter type="INSTRUCTION" missed="4" covered="0"/><counter type="LINE" missed="1" covered="0"/><counter type="COMPLEXITY" missed="1" covered="0"/><counter type="METHOD" missed="1" covered="0"/></method><method name="getBean" desc="(Ljava/lang/Class;)Ljava/lang/Object;" line="54"><counter type="INSTRUCTION" missed="4" covered="0"/><counter type="LINE" missed="1" covered="0"/><counter type="COMPLEXITY" missed="1" covered="0"/><counter type="METHOD" missed="1" covered="0"/></method><method name="getBean" desc="(Ljava/lang/String;Ljava/lang/Class;)Ljava/lang/Object;" line="60"><counter type="INSTRUCTION" missed="5" covered="0"/><counter type="LINE" missed="1" covered="0"/><counter type="COMPLEXITY" missed="1" covered="0"/><counter type="METHOD" missed="1" covered="0"/></method><method name="&lt;clinit&gt;" desc="()V" line="22"><counter type="INSTRUCTION" missed="0" covered="4"/><counter type="LINE" missed="0" covered="1"/><counter type="COMPLEXITY" missed="0" covered="1"/><counter type="METHOD" missed="0" covered="1"/></method><counter type="INSTRUCTION" missed="15" covered="22"/><counter type="BRANCH" missed="0" covered="2"/><counter type="LINE" missed="4" covered="6"/><counter type="COMPLEXITY" missed="4" covered="4"/><counter type="METHOD" missed="4" covered="3"/><counter type="CLASS" missed="0" covered="1"/></class><class name="com/nart/util/ErrorCode" sourcefilename="ErrorCode.java"><method name="getCode" desc="()I" line="99"><counter type="INSTRUCTION" missed="4" covered="0"/><counter type="LINE" missed="1" covered="0"/><counter type="COMPLEXITY" missed="1" covered="0"/><counter type="METHOD" missed="1" covered="0"/></method><method name="setCode" desc="(I)V" line="103"><counter type="INSTRUCTION" missed="5" covered="0"/><counter type="LINE" missed="2" covered="0"/><counter type="COMPLEXITY" missed="1" covered="0"/><counter type="METHOD" missed="1" covered="0"/></method><method name="getMsg" desc="()Ljava/lang/String;" line="107"><counter type="INSTRUCTION" missed="3" covered="0"/><counter type="LINE" missed="1" covered="0"/><counter type="COMPLEXITY" missed="1" covered="0"/><counter type="METHOD" missed="1" covered="0"/></method><method name="setMsg" desc="(Ljava/lang/String;)V" line="111"><counter type="INSTRUCTION" missed="4" covered="0"/><counter type="LINE" missed="2" covered="0"/><counter type="COMPLEXITY" missed="1" covered="0"/><counter type="METHOD" missed="1" covered="0"/></method><method name="&lt;init&gt;" desc="(Ljava/lang/String;ILjava/lang/Integer;Ljava/lang/String;)V" line="15"><counter type="INSTRUCTION" missed="11" covered="0"/><counter type="LINE" missed="1" covered="0"/><counter type="COMPLEXITY" missed="1" covered="0"/><counter type="METHOD" missed="1" covered="0"/></method><method name="&lt;clinit&gt;" desc="()V" line="15"><counter type="INSTRUCTION" missed="511" covered="0"/><counter type="LINE" missed="40" covered="0"/><counter type="COMPLEXITY" missed="1" covered="0"/><counter type="METHOD" missed="1" covered="0"/></method><counter type="INSTRUCTION" missed="538" covered="0"/><counter type="LINE" missed="46" covered="0"/><counter type="COMPLEXITY" missed="6" covered="0"/><counter type="METHOD" missed="6" covered="0"/><counter type="CLASS" missed="1" covered="0"/></class><class name="com/nart/util/UserThreadLocal" sourcefilename="UserThreadLocal.java"><method name="put" desc="(Lcom/nart/pojo/User;)V" line="23"><counter type="INSTRUCTION" missed="4" covered="0"/><counter type="LINE" missed="2" covered="0"/><counter type="COMPLEXITY" missed="1" covered="0"/><counter type="METHOD" missed="1" covered="0"/></method><method name="get" desc="()Lcom/nart/pojo/User;" line="26"><counter type="INSTRUCTION" missed="0" covered="4"/><counter type="LINE" missed="0" covered="1"/><counter type="COMPLEXITY" missed="0" covered="1"/><counter type="METHOD" missed="0" covered="1"/></method><method name="remove" desc="()V" line="29"><counter type="INSTRUCTION" missed="3" covered="0"/><counter type="LINE" missed="2" covered="0"/><counter type="COMPLEXITY" missed="1" covered="0"/><counter type="METHOD" missed="1" covered="0"/></method><method name="&lt;clinit&gt;" desc="()V" line="20"><counter type="INSTRUCTION" missed="0" covered="5"/><counter type="LINE" missed="0" covered="1"/><counter type="COMPLEXITY" missed="0" covered="1"/><counter type="METHOD" missed="0" covered="1"/></method><counter type="INSTRUCTION" missed="7" covered="9"/><counter type="LINE" missed="4" covered="2"/><counter type="COMPLEXITY" missed="2" covered="2"/><counter type="METHOD" missed="2" covered="2"/><counter type="CLASS" missed="0" covered="1"/></class><class name="com/nart/util/RandomContentGenerator" sourcefilename="RandomContentGenerator.java"><method name="&lt;init&gt;" desc="()V" line="19"><counter type="INSTRUCTION" missed="3" covered="0"/><counter type="LINE" missed="1" covered="0"/><counter type="COMPLEXITY" missed="1" covered="0"/><counter type="METHOD" missed="1" covered="0"/></method><method name="getRandomId" desc="(Ljava/util/List;)Ljava/lang/String;" line="23"><counter type="INSTRUCTION" missed="14" covered="0"/><counter type="LINE" missed="3" covered="0"/><counter type="COMPLEXITY" missed="1" covered="0"/><counter type="METHOD" missed="1" covered="0"/></method><method name="getRandomId" desc="(Ljava/util/List;Ljava/lang/String;)Ljava/lang/String;" line="29"><counter type="INSTRUCTION" missed="20" covered="0"/><counter type="BRANCH" missed="2" covered="0"/><counter type="LINE" missed="5" covered="0"/><counter type="COMPLEXITY" missed="2" covered="0"/><counter type="METHOD" missed="1" covered="0"/></method><method name="getRandomId" desc="(Ljava/util/List;Ljava/util/List;)Ljava/lang/String;" line="40"><counter type="INSTRUCTION" missed="25" covered="0"/><counter type="BRANCH" missed="4" covered="0"/><counter type="LINE" missed="7" covered="0"/><counter type="COMPLEXITY" missed="3" covered="0"/><counter type="METHOD" missed="1" covered="0"/></method><method name="getRandomId" desc="(Ljava/util/List;Ljava/lang/String;Ljava/util/List;)Ljava/lang/String;" line="56"><counter type="INSTRUCTION" missed="24" covered="0"/><counter type="BRANCH" missed="4" covered="0"/><counter type="LINE" missed="5" covered="0"/><counter type="COMPLEXITY" missed="3" covered="0"/><counter type="METHOD" missed="1" covered="0"/></method><method name="getRandomPics" desc="()Ljava/lang/String;" line="68"><counter type="INSTRUCTION" missed="34" covered="0"/><counter type="BRANCH" missed="2" covered="0"/><counter type="LINE" missed="7" covered="0"/><counter type="COMPLEXITY" missed="2" covered="0"/><counter type="METHOD" missed="1" covered="0"/></method><method name="&lt;clinit&gt;" desc="()V" line="21"><counter type="INSTRUCTION" missed="6" covered="0"/><counter type="LINE" missed="1" covered="0"/><counter type="COMPLEXITY" missed="1" covered="0"/><counter type="METHOD" missed="1" covered="0"/></method><counter type="INSTRUCTION" missed="126" covered="0"/><counter type="BRANCH" missed="12" covered="0"/><counter type="LINE" missed="29" covered="0"/><counter type="COMPLEXITY" missed="13" covered="0"/><counter type="METHOD" missed="7" covered="0"/><counter type="CLASS" missed="1" covered="0"/></class><class name="com/nart/util/RedisUtil" sourcefilename="RedisUtil.java"><method name="&lt;init&gt;" desc="()V" line="28"><counter type="INSTRUCTION" missed="0" covered="3"/><counter type="LINE" missed="0" covered="1"/><counter type="COMPLEXITY" missed="0" covered="1"/><counter type="METHOD" missed="0" covered="1"/></method><method name="set" desc="(Ljava/lang/String;Ljava/lang/Object;J)V" line="67"><counter type="INSTRUCTION" missed="20" covered="0"/><counter type="BRANCH" missed="6" covered="0"/><counter type="LINE" missed="5" covered="0"/><counter type="COMPLEXITY" missed="4" covered="0"/><counter type="METHOD" missed="1" covered="0"/></method><method name="set" desc="(Ljava/lang/String;Ljava/lang/Object;)V" line="82"><counter type="INSTRUCTION" missed="6" covered="0"/><counter type="LINE" missed="2" covered="0"/><counter type="COMPLEXITY" missed="1" covered="0"/><counter type="METHOD" missed="1" covered="0"/></method><method name="get" desc="(Ljava/lang/String;J)Ljava/lang/Object;" line="93"><counter type="INSTRUCTION" missed="16" covered="0"/><counter type="BRANCH" missed="2" covered="0"/><counter type="LINE" missed="4" covered="0"/><counter type="COMPLEXITY" missed="2" covered="0"/><counter type="METHOD" missed="1" covered="0"/></method><method name="get" desc="(Ljava/lang/String;Ljava/lang/Class;J)Ljava/lang/Object;" line="101"><counter type="INSTRUCTION" missed="27" covered="0"/><counter type="BRANCH" missed="4" covered="0"/><counter type="LINE" missed="4" covered="0"/><counter type="COMPLEXITY" missed="3" covered="0"/><counter type="METHOD" missed="1" covered="0"/></method><method name="get" desc="(Ljava/lang/String;Ljava/lang/Class;)Ljava/lang/Object;" line="117"><counter type="INSTRUCTION" missed="6" covered="0"/><counter type="LINE" missed="1" covered="0"/><counter type="COMPLEXITY" missed="1" covered="0"/><counter type="METHOD" missed="1" covered="0"/></method><method name="get" desc="(Ljava/lang/String;)Ljava/lang/Object;" line="127"><counter type="INSTRUCTION" missed="5" covered="0"/><counter type="LINE" missed="1" covered="0"/><counter type="COMPLEXITY" missed="1" covered="0"/><counter type="METHOD" missed="1" covered="0"/></method><method name="keys" desc="(Ljava/lang/String;)Ljava/util/Set;" line="137"><counter type="INSTRUCTION" missed="5" covered="0"/><counter type="LINE" missed="1" covered="0"/><counter type="COMPLEXITY" missed="1" covered="0"/><counter type="METHOD" missed="1" covered="0"/></method><method name="deleteByPattern" desc="(Ljava/lang/String;)V" line="147"><counter type="INSTRUCTION" missed="8" covered="0"/><counter type="LINE" missed="2" covered="0"/><counter type="COMPLEXITY" missed="1" covered="0"/><counter type="METHOD" missed="1" covered="0"/></method><method name="delete" desc="(Ljava/lang/String;)V" line="156"><counter type="INSTRUCTION" missed="6" covered="0"/><counter type="LINE" missed="2" covered="0"/><counter type="COMPLEXITY" missed="1" covered="0"/><counter type="METHOD" missed="1" covered="0"/></method><method name="delete" desc="(Ljava/util/Collection;)V" line="165"><counter type="INSTRUCTION" missed="6" covered="0"/><counter type="LINE" missed="2" covered="0"/><counter type="COMPLEXITY" missed="1" covered="0"/><counter type="METHOD" missed="1" covered="0"/></method><method name="hGet" desc="(Ljava/lang/String;Ljava/lang/String;)Ljava/lang/Object;" line="176"><counter type="INSTRUCTION" missed="7" covered="0"/><counter type="LINE" missed="1" covered="0"/><counter type="COMPLEXITY" missed="1" covered="0"/><counter type="METHOD" missed="1" covered="0"/></method><method name="hGetAll" desc="(Ljava/lang/String;)Ljava/util/Map;" line="186"><counter type="INSTRUCTION" missed="8" covered="0"/><counter type="LINE" missed="2" covered="0"/><counter type="COMPLEXITY" missed="1" covered="0"/><counter type="METHOD" missed="1" covered="0"/></method><method name="hGetField" desc="(Ljava/lang/String;)Ljava/util/Set;" line="191"><counter type="INSTRUCTION" missed="8" covered="0"/><counter type="LINE" missed="2" covered="0"/><counter type="COMPLEXITY" missed="1" covered="0"/><counter type="METHOD" missed="1" covered="0"/></method><method name="hMSet" desc="(Ljava/lang/String;Ljava/util/Map;)V" line="202"><counter type="INSTRUCTION" missed="6" covered="0"/><counter type="LINE" missed="2" covered="0"/><counter type="COMPLEXITY" missed="1" covered="0"/><counter type="METHOD" missed="1" covered="0"/></method><method name="hMSet" desc="(Ljava/lang/String;Ljava/util/Map;J)V" line="213"><counter type="INSTRUCTION" missed="15" covered="0"/><counter type="BRANCH" missed="2" covered="0"/><counter type="LINE" missed="4" covered="0"/><counter type="COMPLEXITY" missed="2" covered="0"/><counter type="METHOD" missed="1" covered="0"/></method><method name="hSet" desc="(Ljava/lang/String;Ljava/lang/String;Ljava/lang/Object;)V" line="228"><counter type="INSTRUCTION" missed="7" covered="0"/><counter type="LINE" missed="2" covered="0"/><counter type="COMPLEXITY" missed="1" covered="0"/><counter type="METHOD" missed="1" covered="0"/></method><method name="hSet" desc="(Ljava/lang/String;Ljava/lang/String;Ljava/lang/Object;J)V" line="240"><counter type="INSTRUCTION" missed="16" covered="0"/><counter type="BRANCH" missed="2" covered="0"/><counter type="LINE" missed="4" covered="0"/><counter type="COMPLEXITY" missed="2" covered="0"/><counter type="METHOD" missed="1" covered="0"/></method><method name="expire" desc="(Ljava/lang/String;J)V" line="254"><counter type="INSTRUCTION" missed="8" covered="0"/><counter type="LINE" missed="2" covered="0"/><counter type="COMPLEXITY" missed="1" covered="0"/><counter type="METHOD" missed="1" covered="0"/></method><method name="hDel" desc="(Ljava/lang/String;[Ljava/lang/Object;)V" line="264"><counter type="INSTRUCTION" missed="8" covered="0"/><counter type="LINE" missed="2" covered="0"/><counter type="COMPLEXITY" missed="1" covered="0"/><counter type="METHOD" missed="1" covered="0"/></method><method name="leftPush" desc="(Ljava/lang/String;Ljava/lang/Object;)V" line="274"><counter type="INSTRUCTION" missed="6" covered="0"/><counter type="LINE" missed="2" covered="0"/><counter type="COMPLEXITY" missed="1" covered="0"/><counter type="METHOD" missed="1" covered="0"/></method><method name="leftPush" desc="(Ljava/lang/String;Ljava/lang/Object;J)V" line="285"><counter type="INSTRUCTION" missed="16" covered="0"/><counter type="BRANCH" missed="2" covered="0"/><counter type="LINE" missed="4" covered="0"/><counter type="COMPLEXITY" missed="2" covered="0"/><counter type="METHOD" missed="1" covered="0"/></method><method name="rightPop" desc="(Ljava/lang/String;)Ljava/lang/Object;" line="299"><counter type="INSTRUCTION" missed="6" covered="0"/><counter type="LINE" missed="1" covered="0"/><counter type="COMPLEXITY" missed="1" covered="0"/><counter type="METHOD" missed="1" covered="0"/></method><method name="addToSet" desc="(Ljava/lang/String;J[Ljava/lang/String;)V" line="309"><counter type="INSTRUCTION" missed="16" covered="0"/><counter type="BRANCH" missed="2" covered="0"/><counter type="LINE" missed="4" covered="0"/><counter type="COMPLEXITY" missed="2" covered="0"/><counter type="METHOD" missed="1" covered="0"/></method><method name="removeFromSet" desc="(Ljava/lang/String;Ljava/lang/String;)V" line="323"><counter type="INSTRUCTION" missed="13" covered="0"/><counter type="LINE" missed="2" covered="0"/><counter type="COMPLEXITY" missed="1" covered="0"/><counter type="METHOD" missed="1" covered="0"/></method><method name="membersOfSet" desc="(Ljava/lang/String;)Ljava/util/Set;" line="333"><counter type="INSTRUCTION" missed="8" covered="0"/><counter type="LINE" missed="2" covered="0"/><counter type="COMPLEXITY" missed="1" covered="0"/><counter type="METHOD" missed="1" covered="0"/></method><method name="setContainsWarn" desc="(Ljava/lang/String;Ljava/lang/String;)Z" line="345"><counter type="INSTRUCTION" missed="8" covered="0"/><counter type="LINE" missed="1" covered="0"/><counter type="COMPLEXITY" missed="1" covered="0"/><counter type="METHOD" missed="1" covered="0"/></method><method name="addSet" desc="(Ljava/lang/String;Ljava/lang/Object;J)V" line="356"><counter type="INSTRUCTION" missed="21" covered="0"/><counter type="BRANCH" missed="2" covered="0"/><counter type="LINE" missed="4" covered="0"/><counter type="COMPLEXITY" missed="2" covered="0"/><counter type="METHOD" missed="1" covered="0"/></method><method name="members" desc="(Ljava/lang/String;)Ljava/util/Set;" line="368"><counter type="INSTRUCTION" missed="6" covered="0"/><counter type="LINE" missed="1" covered="0"/><counter type="COMPLEXITY" missed="1" covered="0"/><counter type="METHOD" missed="1" covered="0"/></method><method name="removeOfSet" desc="(Ljava/lang/String;Ljava/lang/Object;)V" line="378"><counter type="INSTRUCTION" missed="13" covered="0"/><counter type="LINE" missed="2" covered="0"/><counter type="COMPLEXITY" missed="1" covered="0"/><counter type="METHOD" missed="1" covered="0"/></method><method name="inc" desc="(Ljava/lang/String;)J" line="382"><counter type="INSTRUCTION" missed="7" covered="0"/><counter type="LINE" missed="1" covered="0"/><counter type="COMPLEXITY" missed="1" covered="0"/><counter type="METHOD" missed="1" covered="0"/></method><method name="hasKey" desc="(Ljava/lang/String;)Ljava/lang/Boolean;" line="386"><counter type="INSTRUCTION" missed="5" covered="0"/><counter type="LINE" missed="1" covered="0"/><counter type="COMPLEXITY" missed="1" covered="0"/><counter type="METHOD" missed="1" covered="0"/></method><method name="getAllByKey" desc="(Ljava/lang/String;)Ljava/util/List;" line="390"><counter type="INSTRUCTION" missed="11" covered="0"/><counter type="LINE" missed="2" covered="0"/><counter type="COMPLEXITY" missed="1" covered="0"/><counter type="METHOD" missed="1" covered="0"/></method><method name="fromJson" desc="(Ljava/lang/String;Ljava/lang/Class;)Ljava/lang/Object;" line="397"><counter type="INSTRUCTION" missed="5" covered="0"/><counter type="LINE" missed="1" covered="0"/><counter type="COMPLEXITY" missed="1" covered="0"/><counter type="METHOD" missed="1" covered="0"/></method><method name="&lt;clinit&gt;" desc="()V" line="57"><counter type="INSTRUCTION" missed="0" covered="5"/><counter type="LINE" missed="0" covered="1"/><counter type="COMPLEXITY" missed="0" covered="1"/><counter type="METHOD" missed="0" covered="1"/></method><counter type="INSTRUCTION" missed="329" covered="8"/><counter type="BRANCH" missed="22" covered="0"/><counter type="LINE" missed="73" covered="2"/><counter type="COMPLEXITY" missed="44" covered="2"/><counter type="METHOD" missed="33" covered="2"/><counter type="CLASS" missed="0" covered="1"/></class><class name="com/nart/util/CopyUtil" sourcefilename="CopyUtil.java"><method name="&lt;init&gt;" desc="()V" line="19"><counter type="INSTRUCTION" missed="3" covered="0"/><counter type="LINE" missed="1" covered="0"/><counter type="COMPLEXITY" missed="1" covered="0"/><counter type="METHOD" missed="1" covered="0"/></method><method name="copyBean" desc="(Ljava/lang/Object;Ljava/lang/Class;)Ljava/lang/Object;" line="22"><counter type="INSTRUCTION" missed="26" covered="0"/><counter type="LINE" missed="8" covered="0"/><counter type="COMPLEXITY" missed="1" covered="0"/><counter type="METHOD" missed="1" covered="0"/></method><method name="copyList" desc="(Ljava/util/List;Ljava/lang/Class;)Ljava/util/List;" line="34"><counter type="INSTRUCTION" missed="22" covered="0"/><counter type="BRANCH" missed="2" covered="0"/><counter type="LINE" missed="5" covered="0"/><counter type="COMPLEXITY" missed="2" covered="0"/><counter type="METHOD" missed="1" covered="0"/></method><method name="getNullPropertyNames" desc="(Ljava/lang/Object;)[Ljava/lang/String;" line="49"><counter type="INSTRUCTION" missed="50" covered="0"/><counter type="BRANCH" missed="4" covered="0"/><counter type="LINE" missed="8" covered="0"/><counter type="COMPLEXITY" missed="3" covered="0"/><counter type="METHOD" missed="1" covered="0"/></method><counter type="INSTRUCTION" missed="101" covered="0"/><counter type="BRANCH" missed="6" covered="0"/><counter type="LINE" missed="22" covered="0"/><counter type="COMPLEXITY" missed="7" covered="0"/><counter type="METHOD" missed="4" covered="0"/><counter type="CLASS" missed="1" covered="0"/></class><class name="com/nart/util/FakeDataGenerator" sourcefilename="FakeDataGenerator.java"><method name="&lt;init&gt;" desc="()V" line="39"><counter type="INSTRUCTION" missed="0" covered="14"/><counter type="LINE" missed="0" covered="3"/><counter type="COMPLEXITY" missed="0" covered="1"/><counter type="METHOD" missed="0" covered="1"/></method><method name="generateUsers" desc="(I)Ljava/util/List;" line="74"><counter type="INSTRUCTION" missed="79" covered="0"/><counter type="BRANCH" missed="2" covered="0"/><counter type="LINE" missed="15" covered="0"/><counter type="COMPLEXITY" missed="2" covered="0"/><counter type="METHOD" missed="1" covered="0"/></method><method name="generateReqs" desc="(I)Ljava/util/List;" line="101"><counter type="INSTRUCTION" missed="53" covered="0"/><counter type="BRANCH" missed="2" covered="0"/><counter type="LINE" missed="12" covered="0"/><counter type="COMPLEXITY" missed="2" covered="0"/><counter type="METHOD" missed="1" covered="0"/></method><method name="generateStatus" desc="(I)Ljava/util/List;" line="125"><counter type="INSTRUCTION" missed="55" covered="0"/><counter type="BRANCH" missed="2" covered="0"/><counter type="LINE" missed="12" covered="0"/><counter type="COMPLEXITY" missed="2" covered="0"/><counter type="METHOD" missed="1" covered="0"/></method><method name="generateComment" desc="(Ljava/lang/String;I)Ljava/util/List;" line="149"><counter type="INSTRUCTION" missed="65" covered="0"/><counter type="BRANCH" missed="4" covered="0"/><counter type="LINE" missed="15" covered="0"/><counter type="COMPLEXITY" missed="3" covered="0"/><counter type="METHOD" missed="1" covered="0"/></method><method name="generateLikes" desc="(Ljava/lang/String;I)V" line="184"><counter type="INSTRUCTION" missed="77" covered="0"/><counter type="BRANCH" missed="8" covered="0"/><counter type="LINE" missed="20" covered="0"/><counter type="COMPLEXITY" missed="5" covered="0"/><counter type="METHOD" missed="1" covered="0"/></method><method name="generateGroup" desc="(I)Ljava/util/List;" line="228"><counter type="INSTRUCTION" missed="42" covered="0"/><counter type="BRANCH" missed="2" covered="0"/><counter type="LINE" missed="9" covered="0"/><counter type="COMPLEXITY" missed="2" covered="0"/><counter type="METHOD" missed="1" covered="0"/></method><method name="generateInvites" desc="(I)Ljava/util/List;" line="248"><counter type="INSTRUCTION" missed="60" covered="0"/><counter type="BRANCH" missed="2" covered="0"/><counter type="LINE" missed="14" covered="0"/><counter type="COMPLEXITY" missed="2" covered="0"/><counter type="METHOD" missed="1" covered="0"/></method><method name="generateGroupRelationships" desc="(Ljava/lang/String;I)V" line="283"><counter type="INSTRUCTION" missed="78" covered="0"/><counter type="BRANCH" missed="4" covered="0"/><counter type="LINE" missed="20" covered="0"/><counter type="COMPLEXITY" missed="3" covered="0"/><counter type="METHOD" missed="1" covered="0"/></method><method name="generateFriendRelationships" desc="(Ljava/lang/String;I)V" line="323"><counter type="INSTRUCTION" missed="50" covered="0"/><counter type="BRANCH" missed="4" covered="0"/><counter type="LINE" missed="13" covered="0"/><counter type="COMPLEXITY" missed="3" covered="0"/><counter type="METHOD" missed="1" covered="0"/></method><method name="generateFriendsChats" desc="(Ljava/lang/String;I)V" line="352"><counter type="INSTRUCTION" missed="1" covered="77"/><counter type="BRANCH" missed="1" covered="9"/><counter type="LINE" missed="1" covered="17"/><counter type="COMPLEXITY" missed="1" covered="5"/><counter type="METHOD" missed="0" covered="1"/></method><method name="generateGroupsChats" desc="(Ljava/lang/String;I)V" line="401"><counter type="INSTRUCTION" missed="95" covered="0"/><counter type="BRANCH" missed="10" covered="0"/><counter type="LINE" missed="22" covered="0"/><counter type="COMPLEXITY" missed="6" covered="0"/><counter type="METHOD" missed="1" covered="0"/></method><method name="getUserIds" desc="()Ljava/util/List;" line="452"><counter type="INSTRUCTION" missed="0" covered="28"/><counter type="LINE" missed="0" covered="6"/><counter type="COMPLEXITY" missed="0" covered="1"/><counter type="METHOD" missed="0" covered="1"/></method><method name="getStatusIds" desc="()Ljava/util/List;" line="469"><counter type="INSTRUCTION" missed="28" covered="0"/><counter type="LINE" missed="6" covered="0"/><counter type="COMPLEXITY" missed="1" covered="0"/><counter type="METHOD" missed="1" covered="0"/></method><method name="getGroupIds" desc="()Ljava/util/List;" line="486"><counter type="INSTRUCTION" missed="28" covered="0"/><counter type="LINE" missed="6" covered="0"/><counter type="COMPLEXITY" missed="1" covered="0"/><counter type="METHOD" missed="1" covered="0"/></method><method name="getGroupMemberIds" desc="(Ljava/lang/String;)Ljava/util/List;" line="506"><counter type="INSTRUCTION" missed="36" covered="0"/><counter type="BRANCH" missed="2" covered="0"/><counter type="LINE" missed="8" covered="0"/><counter type="COMPLEXITY" missed="2" covered="0"/><counter type="METHOD" missed="1" covered="0"/></method><method name="getUserFriendIds" desc="(Ljava/lang/String;)Ljava/util/List;" line="528"><counter type="INSTRUCTION" missed="0" covered="36"/><counter type="BRANCH" missed="0" covered="2"/><counter type="LINE" missed="0" covered="8"/><counter type="COMPLEXITY" missed="0" covered="2"/><counter type="METHOD" missed="0" covered="1"/></method><method name="getUserGroupIds" desc="(Ljava/lang/String;)Ljava/util/List;" line="551"><counter type="INSTRUCTION" missed="36" covered="0"/><counter type="BRANCH" missed="2" covered="0"/><counter type="LINE" missed="8" covered="0"/><counter type="COMPLEXITY" missed="2" covered="0"/><counter type="METHOD" missed="1" covered="0"/></method><method name="generateTestData" desc="(I)V" line="619"><counter type="INSTRUCTION" missed="0" covered="17"/><counter type="BRANCH" missed="0" covered="2"/><counter type="LINE" missed="0" covered="4"/><counter type="COMPLEXITY" missed="0" covered="2"/><counter type="METHOD" missed="0" covered="1"/></method><method name="lambda$getGroupIds$2" desc="(Ljava/util/List;Lcom/nart/pojo/Group;)V" line="491"><counter type="INSTRUCTION" missed="6" covered="0"/><counter type="LINE" missed="2" covered="0"/><counter type="COMPLEXITY" missed="1" covered="0"/><counter type="METHOD" missed="1" covered="0"/></method><method name="lambda$getStatusIds$1" desc="(Ljava/util/List;Lcom/nart/pojo/Status;)V" line="474"><counter type="INSTRUCTION" missed="6" covered="0"/><counter type="LINE" missed="2" covered="0"/><counter type="COMPLEXITY" missed="1" covered="0"/><counter type="METHOD" missed="1" covered="0"/></method><method name="lambda$getUserIds$0" desc="(Ljava/util/List;Lcom/nart/pojo/User;)V" line="457"><counter type="INSTRUCTION" missed="0" covered="6"/><counter type="LINE" missed="0" covered="2"/><counter type="COMPLEXITY" missed="0" covered="1"/><counter type="METHOD" missed="0" covered="1"/></method><counter type="INSTRUCTION" missed="795" covered="178"/><counter type="BRANCH" missed="45" covered="13"/><counter type="LINE" missed="185" covered="40"/><counter type="COMPLEXITY" missed="39" covered="12"/><counter type="METHOD" missed="16" covered="6"/><counter type="CLASS" missed="0" covered="1"/></class><class name="com/nart/util/GsonFormatter" sourcefilename="GsonFormatter.java"><method name="&lt;init&gt;" desc="()V" line="15"><counter type="INSTRUCTION" missed="3" covered="0"/><counter type="LINE" missed="1" covered="0"/><counter type="COMPLEXITY" missed="1" covered="0"/><counter type="METHOD" missed="1" covered="0"/></method><method name="toJsonString" desc="(Ljava/lang/Object;)Ljava/lang/String;" line="19"><counter type="INSTRUCTION" missed="4" covered="0"/><counter type="LINE" missed="1" covered="0"/><counter type="COMPLEXITY" missed="1" covered="0"/><counter type="METHOD" missed="1" covered="0"/></method><method name="fromJsonToObj" desc="(Ljava/lang/String;Ljava/lang/Class;)Ljava/lang/Object;" line="23"><counter type="INSTRUCTION" missed="5" covered="0"/><counter type="LINE" missed="1" covered="0"/><counter type="COMPLEXITY" missed="1" covered="0"/><counter type="METHOD" missed="1" covered="0"/></method><method name="&lt;clinit&gt;" desc="()V" line="16"><counter type="INSTRUCTION" missed="5" covered="0"/><counter type="LINE" missed="1" covered="0"/><counter type="COMPLEXITY" missed="1" covered="0"/><counter type="METHOD" missed="1" covered="0"/></method><counter type="INSTRUCTION" missed="17" covered="0"/><counter type="LINE" missed="4" covered="0"/><counter type="COMPLEXITY" missed="4" covered="0"/><counter type="METHOD" missed="4" covered="0"/><counter type="CLASS" missed="1" covered="0"/></class><class name="com/nart/util/Result" sourcefilename="Result.java"><method name="success" desc="(Ljava/lang/Object;)Lcom/nart/util/Result;" line="25"><counter type="INSTRUCTION" missed="10" covered="0"/><counter type="LINE" missed="1" covered="0"/><counter type="COMPLEXITY" missed="1" covered="0"/><counter type="METHOD" missed="1" covered="0"/></method><method name="fail" desc="(ILjava/lang/String;)Lcom/nart/util/Result;" line="29"><counter type="INSTRUCTION" missed="10" covered="0"/><counter type="LINE" missed="1" covered="0"/><counter type="COMPLEXITY" missed="1" covered="0"/><counter type="METHOD" missed="1" covered="0"/></method><method name="fail" desc="(Lcom/nart/util/ErrorCode;)Lcom/nart/util/Result;" line="33"><counter type="INSTRUCTION" missed="12" covered="0"/><counter type="LINE" missed="1" covered="0"/><counter type="COMPLEXITY" missed="1" covered="0"/><counter type="METHOD" missed="1" covered="0"/></method><method name="getSuccess" desc="()Ljava/lang/Boolean;" line="19"><counter type="INSTRUCTION" missed="3" covered="0"/><counter type="LINE" missed="1" covered="0"/><counter type="COMPLEXITY" missed="1" covered="0"/><counter type="METHOD" missed="1" covered="0"/></method><method name="getCode" desc="()Ljava/lang/Integer;" line="20"><counter type="INSTRUCTION" missed="3" covered="0"/><counter type="LINE" missed="1" covered="0"/><counter type="COMPLEXITY" missed="1" covered="0"/><counter type="METHOD" missed="1" covered="0"/></method><method name="getMsg" desc="()Ljava/lang/String;" line="21"><counter type="INSTRUCTION" missed="3" covered="0"/><counter type="LINE" missed="1" covered="0"/><counter type="COMPLEXITY" missed="1" covered="0"/><counter type="METHOD" missed="1" covered="0"/></method><method name="getData" desc="()Ljava/lang/Object;" line="22"><counter type="INSTRUCTION" missed="3" covered="0"/><counter type="LINE" missed="1" covered="0"/><counter type="COMPLEXITY" missed="1" covered="0"/><counter type="METHOD" missed="1" covered="0"/></method><method name="setSuccess" desc="(Ljava/lang/Boolean;)V" line="16"><counter type="INSTRUCTION" missed="4" covered="0"/><counter type="LINE" missed="1" covered="0"/><counter type="COMPLEXITY" missed="1" covered="0"/><counter type="METHOD" missed="1" covered="0"/></method><method name="setCode" desc="(Ljava/lang/Integer;)V" line="16"><counter type="INSTRUCTION" missed="4" covered="0"/><counter type="LINE" missed="1" covered="0"/><counter type="COMPLEXITY" missed="1" covered="0"/><counter type="METHOD" missed="1" covered="0"/></method><method name="setMsg" desc="(Ljava/lang/String;)V" line="16"><counter type="INSTRUCTION" missed="4" covered="0"/><counter type="LINE" missed="1" covered="0"/><counter type="COMPLEXITY" missed="1" covered="0"/><counter type="METHOD" missed="1" covered="0"/></method><method name="setData" desc="(Ljava/lang/Object;)V" line="16"><counter type="INSTRUCTION" missed="4" covered="0"/><counter type="LINE" missed="1" covered="0"/><counter type="COMPLEXITY" missed="1" covered="0"/><counter type="METHOD" missed="1" covered="0"/></method><method name="equals" desc="(Ljava/lang/Object;)Z" line="16"><counter type="INSTRUCTION" missed="89" covered="0"/><counter type="BRANCH" missed="30" covered="0"/><counter type="LINE" missed="1" covered="0"/><counter type="COMPLEXITY" missed="16" covered="0"/><counter type="METHOD" missed="1" covered="0"/></method><method name="canEqual" desc="(Ljava/lang/Object;)Z" line="16"><counter type="INSTRUCTION" missed="3" covered="0"/><counter type="LINE" missed="1" covered="0"/><counter type="COMPLEXITY" missed="1" covered="0"/><counter type="METHOD" missed="1" covered="0"/></method><method name="hashCode" desc="()I" line="16"><counter type="INSTRUCTION" missed="62" covered="0"/><counter type="BRANCH" missed="8" covered="0"/><counter type="LINE" missed="1" covered="0"/><counter type="COMPLEXITY" missed="5" covered="0"/><counter type="METHOD" missed="1" covered="0"/></method><method name="toString" desc="()Ljava/lang/String;" line="16"><counter type="INSTRUCTION" missed="27" covered="0"/><counter type="LINE" missed="1" covered="0"/><counter type="COMPLEXITY" missed="1" covered="0"/><counter type="METHOD" missed="1" covered="0"/></method><method name="&lt;init&gt;" desc="(Ljava/lang/Boolean;Ljava/lang/Integer;Ljava/lang/String;Ljava/lang/Object;)V" line="17"><counter type="INSTRUCTION" missed="15" covered="0"/><counter type="LINE" missed="1" covered="0"/><counter type="COMPLEXITY" missed="1" covered="0"/><counter type="METHOD" missed="1" covered="0"/></method><counter type="INSTRUCTION" missed="256" covered="0"/><counter type="BRANCH" missed="38" covered="0"/><counter type="LINE" missed="9" covered="0"/><counter type="COMPLEXITY" missed="35" covered="0"/><counter type="METHOD" missed="16" covered="0"/><counter type="CLASS" missed="1" covered="0"/></class><class name="com/nart/util/EncryptUtil" sourcefilename="EncryptUtil.java"><method name="&lt;init&gt;" desc="()V" line="26"><counter type="INSTRUCTION" missed="3" covered="0"/><counter type="LINE" missed="1" covered="0"/><counter type="COMPLEXITY" missed="1" covered="0"/><counter type="METHOD" missed="1" covered="0"/></method><method name="encryptPwd" desc="(Ljava/lang/String;)Ljava/lang/String;" line="31"><counter type="INSTRUCTION" missed="10" covered="0"/><counter type="LINE" missed="1" covered="0"/><counter type="COMPLEXITY" missed="1" covered="0"/><counter type="METHOD" missed="1" covered="0"/></method><method name="createToken" desc="(Ljava/lang/Long;)Ljava/lang/String;" line="35"><counter type="INSTRUCTION" missed="32" covered="0"/><counter type="LINE" missed="9" covered="0"/><counter type="COMPLEXITY" missed="1" covered="0"/><counter type="METHOD" missed="1" covered="0"/></method><method name="checkToken" desc="(Ljava/lang/String;)Ljava/util/Map;" line="47"><counter type="INSTRUCTION" missed="49" covered="0"/><counter type="LINE" missed="8" covered="0"/><counter type="COMPLEXITY" missed="1" covered="0"/><counter type="METHOD" missed="1" covered="0"/></method><method name="main" desc="([Ljava/lang/String;)V" line="61"><counter type="INSTRUCTION" missed="26" covered="0"/><counter type="LINE" missed="8" covered="0"/><counter type="COMPLEXITY" missed="1" covered="0"/><counter type="METHOD" missed="1" covered="0"/></method><method name="&lt;clinit&gt;" desc="()V" line="25"><counter type="INSTRUCTION" missed="4" covered="0"/><counter type="LINE" missed="1" covered="0"/><counter type="COMPLEXITY" missed="1" covered="0"/><counter type="METHOD" missed="1" covered="0"/></method><counter type="INSTRUCTION" missed="124" covered="0"/><counter type="LINE" missed="28" covered="0"/><counter type="COMPLEXITY" missed="6" covered="0"/><counter type="METHOD" missed="6" covered="0"/><counter type="CLASS" missed="1" covered="0"/></class><sourcefile name="SpringUtil.java"><line nr="20" mi="0" ci="3" mb="0" cb="0"/><line nr="22" mi="0" ci="4" mb="0" cb="0"/><line nr="30" mi="0" ci="2" mb="0" cb="2"/><line nr="32" mi="0" ci="2" mb="0" cb="0"/><line nr="36" mi="0" ci="10" mb="0" cb="0"/><line nr="38" mi="0" ci="1" mb="0" cb="0"/><line nr="42" mi="2" ci="0" mb="0" cb="0"/><line nr="48" mi="4" ci="0" mb="0" cb="0"/><line nr="54" mi="4" ci="0" mb="0" cb="0"/><line nr="60" mi="5" ci="0" mb="0" cb="0"/><counter type="INSTRUCTION" missed="15" covered="22"/><counter type="BRANCH" missed="0" covered="2"/><counter type="LINE" missed="4" covered="6"/><counter type="COMPLEXITY" missed="4" covered="4"/><counter type="METHOD" missed="4" covered="3"/><counter type="CLASS" missed="0" covered="1"/></sourcefile><sourcefile name="CopyUtil.java"><line nr="19" mi="3" ci="0" mb="0" cb="0"/><line nr="22" mi="2" ci="0" mb="0" cb="0"/><line nr="24" mi="3" ci="0" mb="0" cb="0"/><line nr="25" mi="5" ci="0" mb="0" cb="0"/><line nr="26" mi="1" ci="0" mb="0" cb="0"/><line nr="27" mi="2" ci="0" mb="0" cb="0"/><line nr="28" mi="10" ci="0" mb="0" cb="0"/><line nr="29" mi="1" ci="0" mb="0" cb="0"/><line nr="30" mi="2" ci="0" mb="0" cb="0"/><line nr="34" mi="4" ci="0" mb="0" cb="0"/><line nr="35" mi="9" ci="0" mb="2" cb="0"/><line nr="36" mi="6" ci="0" mb="0" cb="0"/><line nr="37" mi="1" ci="0" mb="0" cb="0"/><line nr="39" mi="2" ci="0" mb="0" cb="0"/><line nr="49" mi="5" ci="0" mb="0" cb="0"/><line nr="50" mi="3" ci="0" mb="0" cb="0"/><line nr="51" mi="4" ci="0" mb="0" cb="0"/><line nr="52" mi="16" ci="0" mb="2" cb="0"/><line nr="54" mi="5" ci="0" mb="0" cb="0"/><line nr="55" mi="7" ci="0" mb="2" cb="0"/><line nr="57" mi="4" ci="0" mb="0" cb="0"/><line nr="58" mi="6" ci="0" mb="0" cb="0"/><counter type="INSTRUCTION" missed="101" covered="0"/><counter type="BRANCH" missed="6" covered="0"/><counter type="LINE" missed="22" covered="0"/><counter type="COMPLEXITY" missed="7" covered="0"/><counter type="METHOD" missed="4" covered="0"/><counter type="CLASS" missed="1" covered="0"/></sourcefile><sourcefile name="ErrorCode.java"><line nr="15" mi="171" ci="0" mb="0" cb="0"/><line nr="17" mi="9" ci="0" mb="0" cb="0"/><line nr="19" mi="9" ci="0" mb="0" cb="0"/><line nr="20" mi="9" ci="0" mb="0" cb="0"/><line nr="21" mi="9" ci="0" mb="0" cb="0"/><line nr="22" mi="9" ci="0" mb="0" cb="0"/><line nr="23" mi="9" ci="0" mb="0" cb="0"/><line nr="24" mi="9" ci="0" mb="0" cb="0"/><line nr="25" mi="9" ci="0" mb="0" cb="0"/><line nr="26" mi="9" ci="0" mb="0" cb="0"/><line nr="27" mi="9" ci="0" mb="0" cb="0"/><line nr="28" mi="9" ci="0" mb="0" cb="0"/><line nr="29" mi="9" ci="0" mb="0" cb="0"/><line nr="30" mi="9" ci="0" mb="0" cb="0"/><line nr="31" mi="9" ci="0" mb="0" cb="0"/><line nr="32" mi="9" ci="0" mb="0" cb="0"/><line nr="33" mi="9" ci="0" mb="0" cb="0"/><line nr="34" mi="9" ci="0" mb="0" cb="0"/><line nr="35" mi="9" ci="0" mb="0" cb="0"/><line nr="36" mi="9" ci="0" mb="0" cb="0"/><line nr="37" mi="9" ci="0" mb="0" cb="0"/><line nr="38" mi="9" ci="0" mb="0" cb="0"/><line nr="39" mi="9" ci="0" mb="0" cb="0"/><line nr="40" mi="9" ci="0" mb="0" cb="0"/><line nr="41" mi="9" ci="0" mb="0" cb="0"/><line nr="42" mi="9" ci="0" mb="0" cb="0"/><line nr="43" mi="9" ci="0" mb="0" cb="0"/><line nr="44" mi="9" ci="0" mb="0" cb="0"/><line nr="45" mi="9" ci="0" mb="0" cb="0"/><line nr="46" mi="9" ci="0" mb="0" cb="0"/><line nr="47" mi="9" ci="0" mb="0" cb="0"/><line nr="48" mi="9" ci="0" mb="0" cb="0"/><line nr="49" mi="9" ci="0" mb="0" cb="0"/><line nr="50" mi="9" ci="0" mb="0" cb="0"/><line nr="51" mi="9" ci="0" mb="0" cb="0"/><line nr="52" mi="9" ci="0" mb="0" cb="0"/><line nr="53" mi="9" ci="0" mb="0" cb="0"/><line nr="54" mi="9" ci="0" mb="0" cb="0"/><line nr="56" mi="9" ci="0" mb="0" cb="0"/><line nr="57" mi="9" ci="0" mb="0" cb="0"/><line nr="99" mi="4" ci="0" mb="0" cb="0"/><line nr="103" mi="4" ci="0" mb="0" cb="0"/><line nr="104" mi="1" ci="0" mb="0" cb="0"/><line nr="107" mi="3" ci="0" mb="0" cb="0"/><line nr="111" mi="3" ci="0" mb="0" cb="0"/><line nr="112" mi="1" ci="0" mb="0" cb="0"/><counter type="INSTRUCTION" missed="538" covered="0"/><counter type="LINE" missed="46" covered="0"/><counter type="COMPLEXITY" missed="6" covered="0"/><counter type="METHOD" missed="6" covered="0"/><counter type="CLASS" missed="1" covered="0"/></sourcefile><sourcefile name="UserThreadLocal.java"><line nr="20" mi="0" ci="5" mb="0" cb="0"/><line nr="23" mi="3" ci="0" mb="0" cb="0"/><line nr="24" mi="1" ci="0" mb="0" cb="0"/><line nr="26" mi="0" ci="4" mb="0" cb="0"/><line nr="29" mi="2" ci="0" mb="0" cb="0"/><line nr="30" mi="1" ci="0" mb="0" cb="0"/><counter type="INSTRUCTION" missed="7" covered="9"/><counter type="LINE" missed="4" covered="2"/><counter type="COMPLEXITY" missed="2" covered="2"/><counter type="METHOD" missed="2" covered="2"/><counter type="CLASS" missed="0" covered="1"/></sourcefile><sourcefile name="RedisUtil.java"><line nr="28" mi="0" ci="3" mb="0" cb="0"/><line nr="57" mi="0" ci="5" mb="0" cb="0"/><line nr="67" mi="5" ci="0" mb="4" cb="0"/><line nr="68" mi="6" ci="0" mb="0" cb="0"/><line nr="70" mi="4" ci="0" mb="2" cb="0"/><line nr="71" mi="4" ci="0" mb="0" cb="0"/><line nr="73" mi="1" ci="0" mb="0" cb="0"/><line nr="82" mi="5" ci="0" mb="0" cb="0"/><line nr="83" mi="1" ci="0" mb="0" cb="0"/><line nr="93" mi="6" ci="0" mb="0" cb="0"/><line nr="94" mi="4" ci="0" mb="2" cb="0"/><line nr="95" mi="4" ci="0" mb="0" cb="0"/><line nr="97" mi="2" ci="0" mb="0" cb="0"/><line nr="101" mi="7" ci="0" mb="0" cb="0"/><line nr="102" mi="4" ci="0" mb="2" cb="0"/><line nr="103" mi="7" ci="0" mb="0" cb="0"/><line nr="105" mi="9" ci="0" mb="2" cb="0"/><line nr="117" mi="6" ci="0" mb="0" cb="0"/><line nr="127" mi="5" ci="0" mb="0" cb="0"/><line nr="137" mi="5" ci="0" mb="0" cb="0"/><line nr="147" mi="7" ci="0" mb="0" cb="0"/><line nr="148" mi="1" ci="0" mb="0" cb="0"/><line nr="156" mi="5" ci="0" mb="0" cb="0"/><line nr="157" mi="1" ci="0" mb="0" cb="0"/><line nr="165" mi="5" ci="0" mb="0" cb="0"/><line nr="166" mi="1" ci="0" mb="0" cb="0"/><line nr="176" mi="7" ci="0" mb="0" cb="0"/><line nr="186" mi="4" ci="0" mb="0" cb="0"/><line nr="187" mi="4" ci="0" mb="0" cb="0"/><line nr="191" mi="6" ci="0" mb="0" cb="0"/><line nr="192" mi="2" ci="0" mb="0" cb="0"/><line nr="202" mi="5" ci="0" mb="0" cb="0"/><line nr="203" mi="1" ci="0" mb="0" cb="0"/><line nr="213" mi="6" ci="0" mb="0" cb="0"/><line nr="215" mi="4" ci="0" mb="2" cb="0"/><line nr="216" mi="4" ci="0" mb="0" cb="0"/><line nr="218" mi="1" ci="0" mb="0" cb="0"/><line nr="228" mi="6" ci="0" mb="0" cb="0"/><line nr="229" mi="1" ci="0" mb="0" cb="0"/><line nr="240" mi="7" ci="0" mb="0" cb="0"/><line nr="242" mi="4" ci="0" mb="2" cb="0"/><line nr="243" mi="4" ci="0" mb="0" cb="0"/><line nr="245" mi="1" ci="0" mb="0" cb="0"/><line nr="254" mi="7" ci="0" mb="0" cb="0"/><line nr="255" mi="1" ci="0" mb="0" cb="0"/><line nr="264" mi="7" ci="0" mb="0" cb="0"/><line nr="265" mi="1" ci="0" mb="0" cb="0"/><line nr="274" mi="5" ci="0" mb="0" cb="0"/><line nr="275" mi="1" ci="0" mb="0" cb="0"/><line nr="285" mi="7" ci="0" mb="0" cb="0"/><line nr="287" mi="4" ci="0" mb="2" cb="0"/><line nr="288" mi="4" ci="0" mb="0" cb="0"/><line nr="290" mi="1" ci="0" mb="0" cb="0"/><line nr="299" mi="6" ci="0" mb="0" cb="0"/><line nr="309" mi="7" ci="0" mb="0" cb="0"/><line nr="311" mi="4" ci="0" mb="2" cb="0"/><line nr="312" mi="4" ci="0" mb="0" cb="0"/><line nr="314" mi="1" ci="0" mb="0" cb="0"/><line nr="323" mi="12" ci="0" mb="0" cb="0"/><line nr="324" mi="1" ci="0" mb="0" cb="0"/><line nr="333" mi="6" ci="0" mb="0" cb="0"/><line nr="334" mi="2" ci="0" mb="0" cb="0"/><line nr="345" mi="8" ci="0" mb="0" cb="0"/><line nr="356" mi="12" ci="0" mb="0" cb="0"/><line nr="357" mi="4" ci="0" mb="2" cb="0"/><line nr="358" mi="4" ci="0" mb="0" cb="0"/><line nr="360" mi="1" ci="0" mb="0" cb="0"/><line nr="368" mi="6" ci="0" mb="0" cb="0"/><line nr="378" mi="12" ci="0" mb="0" cb="0"/><line nr="379" mi="1" ci="0" mb="0" cb="0"/><line nr="382" mi="7" ci="0" mb="0" cb="0"/><line nr="386" mi="5" ci="0" mb="0" cb="0"/><line nr="390" mi="5" ci="0" mb="0" cb="0"/><line nr="391" mi="6" ci="0" mb="0" cb="0"/><line nr="397" mi="5" ci="0" mb="0" cb="0"/><counter type="INSTRUCTION" missed="329" covered="8"/><counter type="BRANCH" missed="22" covered="0"/><counter type="LINE" missed="73" covered="2"/><counter type="COMPLEXITY" missed="44" covered="2"/><counter type="METHOD" missed="33" covered="2"/><counter type="CLASS" missed="0" covered="1"/></sourcefile><sourcefile name="GsonFormatter.java"><line nr="15" mi="3" ci="0" mb="0" cb="0"/><line nr="16" mi="5" ci="0" mb="0" cb="0"/><line nr="19" mi="4" ci="0" mb="0" cb="0"/><line nr="23" mi="5" ci="0" mb="0" cb="0"/><counter type="INSTRUCTION" missed="17" covered="0"/><counter type="LINE" missed="4" covered="0"/><counter type="COMPLEXITY" missed="4" covered="0"/><counter type="METHOD" missed="4" covered="0"/><counter type="CLASS" missed="1" covered="0"/></sourcefile><sourcefile name="FakeDataGenerator.java"><line nr="39" mi="0" ci="2" mb="0" cb="0"/><line nr="40" mi="0" ci="6" mb="0" cb="0"/><line nr="41" mi="0" ci="6" mb="0" cb="0"/><line nr="74" mi="4" ci="0" mb="0" cb="0"/><line nr="75" mi="5" ci="0" mb="0" cb="0"/><line nr="77" mi="7" ci="0" mb="2" cb="0"/><line nr="78" mi="4" ci="0" mb="0" cb="0"/><line nr="79" mi="8" ci="0" mb="0" cb="0"/><line nr="80" mi="3" ci="0" mb="0" cb="0"/><line nr="81" mi="4" ci="0" mb="0" cb="0"/><line nr="82" mi="6" ci="0" mb="0" cb="0"/><line nr="83" mi="8" ci="0" mb="0" cb="0"/><line nr="84" mi="6" ci="0" mb="0" cb="0"/><line nr="85" mi="6" ci="0" mb="0" cb="0"/><line nr="86" mi="6" ci="0" mb="0" cb="0"/><line nr="87" mi="6" ci="0" mb="0" cb="0"/><line nr="88" mi="4" ci="0" mb="0" cb="0"/><line nr="90" mi="2" ci="0" mb="0" cb="0"/><line nr="101" mi="4" ci="0" mb="0" cb="0"/><line nr="102" mi="3" ci="0" mb="0" cb="0"/><line nr="104" mi="7" ci="0" mb="2" cb="0"/><line nr="105" mi="3" ci="0" mb="0" cb="0"/><line nr="106" mi="4" ci="0" mb="0" cb="0"/><line nr="107" mi="4" ci="0" mb="0" cb="0"/><line nr="108" mi="3" ci="0" mb="0" cb="0"/><line nr="109" mi="3" ci="0" mb="0" cb="0"/><line nr="110" mi="6" ci="0" mb="0" cb="0"/><line nr="111" mi="10" ci="0" mb="0" cb="0"/><line nr="112" mi="4" ci="0" mb="0" cb="0"/><line nr="114" mi="2" ci="0" mb="0" cb="0"/><line nr="125" mi="4" ci="0" mb="0" cb="0"/><line nr="127" mi="3" ci="0" mb="0" cb="0"/><line nr="128" mi="5" ci="0" mb="0" cb="0"/><line nr="129" mi="7" ci="0" mb="2" cb="0"/><line nr="130" mi="4" ci="0" mb="0" cb="0"/><line nr="131" mi="4" ci="0" mb="0" cb="0"/><line nr="132" mi="3" ci="0" mb="0" cb="0"/><line nr="133" mi="6" ci="0" mb="0" cb="0"/><line nr="134" mi="3" ci="0" mb="0" cb="0"/><line nr="135" mi="10" ci="0" mb="0" cb="0"/><line nr="136" mi="4" ci="0" mb="0" cb="0"/><line nr="138" mi="2" ci="0" mb="0" cb="0"/><line nr="149" mi="4" ci="0" mb="0" cb="0"/><line nr="151" mi="7" ci="0" mb="2" cb="0"/><line nr="152" mi="4" ci="0" mb="2" cb="0"/><line nr="153" mi="2" ci="0" mb="0" cb="0"/><line nr="157" mi="6" ci="0" mb="0" cb="0"/><line nr="158" mi="3" ci="0" mb="0" cb="0"/><line nr="160" mi="4" ci="0" mb="0" cb="0"/><line nr="161" mi="3" ci="0" mb="0" cb="0"/><line nr="162" mi="4" ci="0" mb="0" cb="0"/><line nr="163" mi="3" ci="0" mb="0" cb="0"/><line nr="164" mi="3" ci="0" mb="0" cb="0"/><line nr="165" mi="6" ci="0" mb="0" cb="0"/><line nr="166" mi="10" ci="0" mb="0" cb="0"/><line nr="167" mi="4" ci="0" mb="0" cb="0"/><line nr="172" mi="2" ci="0" mb="0" cb="0"/><line nr="184" mi="2" ci="0" mb="0" cb="0"/><line nr="190" mi="6" ci="0" mb="0" cb="0"/><line nr="191" mi="3" ci="0" mb="0" cb="0"/><line nr="193" mi="3" ci="0" mb="0" cb="0"/><line nr="195" mi="10" ci="0" mb="0" cb="0"/><line nr="197" mi="4" ci="0" mb="0" cb="0"/><line nr="199" mi="3" ci="0" mb="0" cb="0"/><line nr="200" mi="4" ci="0" mb="0" cb="0"/><line nr="201" mi="7" ci="0" mb="2" cb="0"/><line nr="202" mi="4" ci="0" mb="0" cb="0"/><line nr="203" mi="2" ci="0" mb="2" cb="0"/><line nr="204" mi="1" ci="0" mb="0" cb="0"/><line nr="206" mi="4" ci="0" mb="2" cb="0"/><line nr="207" mi="4" ci="0" mb="2" cb="0"/><line nr="211" mi="4" ci="0" mb="0" cb="0"/><line nr="212" mi="3" ci="0" mb="0" cb="0"/><line nr="213" mi="3" ci="0" mb="0" cb="0"/><line nr="214" mi="5" ci="0" mb="0" cb="0"/><line nr="215" mi="4" ci="0" mb="0" cb="0"/><line nr="218" mi="1" ci="0" mb="0" cb="0"/><line nr="228" mi="4" ci="0" mb="0" cb="0"/><line nr="229" mi="7" ci="0" mb="2" cb="0"/><line nr="230" mi="4" ci="0" mb="0" cb="0"/><line nr="231" mi="6" ci="0" mb="0" cb="0"/><line nr="232" mi="6" ci="0" mb="0" cb="0"/><line nr="233" mi="6" ci="0" mb="0" cb="0"/><line nr="234" mi="3" ci="0" mb="0" cb="0"/><line nr="235" mi="4" ci="0" mb="0" cb="0"/><line nr="237" mi="2" ci="0" mb="0" cb="0"/><line nr="248" mi="4" ci="0" mb="0" cb="0"/><line nr="249" mi="3" ci="0" mb="0" cb="0"/><line nr="250" mi="3" ci="0" mb="0" cb="0"/><line nr="252" mi="7" ci="0" mb="2" cb="0"/><line nr="253" mi="3" ci="0" mb="0" cb="0"/><line nr="254" mi="3" ci="0" mb="0" cb="0"/><line nr="263" mi="4" ci="0" mb="0" cb="0"/><line nr="264" mi="3" ci="0" mb="0" cb="0"/><line nr="265" mi="3" ci="0" mb="0" cb="0"/><line nr="266" mi="5" ci="0" mb="0" cb="0"/><line nr="267" mi="6" ci="0" mb="0" cb="0"/><line nr="268" mi="10" ci="0" mb="0" cb="0"/><line nr="269" mi="4" ci="0" mb="0" cb="0"/><line nr="271" mi="2" ci="0" mb="0" cb="0"/><line nr="283" mi="4" ci="0" mb="0" cb="0"/><line nr="284" mi="3" ci="0" mb="0" cb="0"/><line nr="285" mi="7" ci="0" mb="2" cb="0"/><line nr="286" mi="4" ci="0" mb="2" cb="0"/><line nr="287" mi="4" ci="0" mb="0" cb="0"/><line nr="293" mi="4" ci="0" mb="0" cb="0"/><line nr="294" mi="3" ci="0" mb="0" cb="0"/><line nr="295" mi="6" ci="0" mb="0" cb="0"/><line nr="296" mi="5" ci="0" mb="0" cb="0"/><line nr="298" mi="6" ci="0" mb="0" cb="0"/><line nr="299" mi="3" ci="0" mb="0" cb="0"/><line nr="301" mi="4" ci="0" mb="0" cb="0"/><line nr="302" mi="3" ci="0" mb="0" cb="0"/><line nr="303" mi="3" ci="0" mb="0" cb="0"/><line nr="304" mi="3" ci="0" mb="0" cb="0"/><line nr="305" mi="3" ci="0" mb="0" cb="0"/><line nr="306" mi="3" ci="0" mb="0" cb="0"/><line nr="307" mi="5" ci="0" mb="0" cb="0"/><line nr="309" mi="4" ci="0" mb="0" cb="0"/><line nr="312" mi="1" ci="0" mb="0" cb="0"/><line nr="323" mi="4" ci="0" mb="0" cb="0"/><line nr="325" mi="3" ci="0" mb="0" cb="0"/><line nr="326" mi="7" ci="0" mb="2" cb="0"/><line nr="327" mi="4" ci="0" mb="2" cb="0"/><line nr="328" mi="5" ci="0" mb="0" cb="0"/><line nr="332" mi="4" ci="0" mb="0" cb="0"/><line nr="333" mi="3" ci="0" mb="0" cb="0"/><line nr="334" mi="3" ci="0" mb="0" cb="0"/><line nr="335" mi="3" ci="0" mb="0" cb="0"/><line nr="336" mi="4" ci="0" mb="0" cb="0"/><line nr="337" mi="5" ci="0" mb="0" cb="0"/><line nr="338" mi="4" ci="0" mb="0" cb="0"/><line nr="341" mi="1" ci="0" mb="0" cb="0"/><line nr="352" mi="0" ci="4" mb="0" cb="0"/><line nr="354" mi="0" ci="10" mb="0" cb="2"/><line nr="355" mi="0" ci="7" mb="0" cb="2"/><line nr="356" mi="0" ci="4" mb="0" cb="2"/><line nr="358" mi="0" ci="4" mb="0" cb="0"/><line nr="362" mi="0" ci="3" mb="0" cb="0"/><line nr="366" mi="0" ci="3" mb="0" cb="0"/><line nr="368" mi="0" ci="4" mb="0" cb="2"/><line nr="370" mi="0" ci="3" mb="0" cb="0"/><line nr="373" mi="0" ci="7" mb="0" cb="0"/><line nr="376" mi="0" ci="3" mb="0" cb="0"/><line nr="379" mi="0" ci="6" mb="0" cb="0"/><line nr="382" mi="0" ci="10" mb="0" cb="0"/><line nr="383" mi="0" ci="5" mb="0" cb="0"/><line nr="384" mi="0" ci="2" mb="1" cb="1"/><line nr="385" mi="1" ci="0" mb="0" cb="0"/><line nr="389" mi="0" ci="1" mb="0" cb="0"/><line nr="390" mi="0" ci="1" mb="0" cb="0"/><line nr="401" mi="4" ci="0" mb="0" cb="0"/><line nr="403" mi="10" ci="0" mb="2" cb="0"/><line nr="404" mi="9" ci="0" mb="2" cb="0"/><line nr="405" mi="4" ci="0" mb="2" cb="0"/><line nr="407" mi="4" ci="0" mb="0" cb="0"/><line nr="408" mi="3" ci="0" mb="0" cb="0"/><line nr="409" mi="3" ci="0" mb="0" cb="0"/><line nr="410" mi="3" ci="0" mb="0" cb="0"/><line nr="413" mi="4" ci="0" mb="2" cb="0"/><line nr="414" mi="3" ci="0" mb="0" cb="0"/><line nr="415" mi="7" ci="0" mb="0" cb="0"/><line nr="420" mi="3" ci="0" mb="0" cb="0"/><line nr="421" mi="3" ci="0" mb="0" cb="0"/><line nr="425" mi="10" ci="0" mb="0" cb="0"/><line nr="429" mi="6" ci="0" mb="0" cb="0"/><line nr="431" mi="3" ci="0" mb="0" cb="0"/><line nr="435" mi="6" ci="0" mb="0" cb="0"/><line nr="436" mi="5" ci="0" mb="0" cb="0"/><line nr="437" mi="2" ci="0" mb="2" cb="0"/><line nr="438" mi="1" ci="0" mb="0" cb="0"/><line nr="442" mi="1" ci="0" mb="0" cb="0"/><line nr="443" mi="1" ci="0" mb="0" cb="0"/><line nr="452" mi="0" ci="4" mb="0" cb="0"/><line nr="453" mi="0" ci="9" mb="0" cb="0"/><line nr="454" mi="0" ci="5" mb="0" cb="0"/><line nr="455" mi="0" ci="4" mb="0" cb="0"/><line nr="456" mi="0" ci="4" mb="0" cb="0"/><line nr="457" mi="0" ci="5" mb="0" cb="0"/><line nr="458" mi="0" ci="1" mb="0" cb="0"/><line nr="459" mi="0" ci="2" mb="0" cb="0"/><line nr="469" mi="4" ci="0" mb="0" cb="0"/><line nr="470" mi="9" ci="0" mb="0" cb="0"/><line nr="471" mi="5" ci="0" mb="0" cb="0"/><line nr="472" mi="4" ci="0" mb="0" cb="0"/><line nr="473" mi="4" ci="0" mb="0" cb="0"/><line nr="474" mi="5" ci="0" mb="0" cb="0"/><line nr="475" mi="1" ci="0" mb="0" cb="0"/><line nr="476" mi="2" ci="0" mb="0" cb="0"/><line nr="486" mi="4" ci="0" mb="0" cb="0"/><line nr="487" mi="9" ci="0" mb="0" cb="0"/><line nr="488" mi="5" ci="0" mb="0" cb="0"/><line nr="489" mi="4" ci="0" mb="0" cb="0"/><line nr="490" mi="4" ci="0" mb="0" cb="0"/><line nr="491" mi="5" ci="0" mb="0" cb="0"/><line nr="492" mi="1" ci="0" mb="0" cb="0"/><line nr="493" mi="2" ci="0" mb="0" cb="0"/><line nr="506" mi="4" ci="0" mb="0" cb="0"/><line nr="507" mi="5" ci="0" mb="0" cb="0"/><line nr="508" mi="5" ci="0" mb="0" cb="0"/><line nr="509" mi="4" ci="0" mb="0" cb="0"/><line nr="510" mi="10" ci="0" mb="2" cb="0"/><line nr="511" mi="5" ci="0" mb="0" cb="0"/><line nr="512" mi="1" ci="0" mb="0" cb="0"/><line nr="516" mi="2" ci="0" mb="0" cb="0"/><line nr="528" mi="0" ci="4" mb="0" cb="0"/><line nr="529" mi="0" ci="5" mb="0" cb="0"/><line nr="530" mi="0" ci="5" mb="0" cb="0"/><line nr="531" mi="0" ci="4" mb="0" cb="0"/><line nr="532" mi="0" ci="10" mb="0" cb="2"/><line nr="533" mi="0" ci="5" mb="0" cb="0"/><line nr="534" mi="0" ci="1" mb="0" cb="0"/><line nr="538" mi="0" ci="2" mb="0" cb="0"/><line nr="551" mi="4" ci="0" mb="0" cb="0"/><line nr="552" mi="5" ci="0" mb="0" cb="0"/><line nr="553" mi="5" ci="0" mb="0" cb="0"/><line nr="555" mi="4" ci="0" mb="0" cb="0"/><line nr="556" mi="10" ci="0" mb="2" cb="0"/><line nr="557" mi="5" ci="0" mb="0" cb="0"/><line nr="558" mi="1" ci="0" mb="0" cb="0"/><line nr="563" mi="2" ci="0" mb="0" cb="0"/><line nr="619" mi="0" ci="11" mb="0" cb="2"/><line nr="620" mi="0" ci="4" mb="0" cb="0"/><line nr="622" mi="0" ci="1" mb="0" cb="0"/><line nr="623" mi="0" ci="1" mb="0" cb="0"/><counter type="INSTRUCTION" missed="795" covered="178"/><counter type="BRANCH" missed="45" covered="13"/><counter type="LINE" missed="185" covered="40"/><counter type="COMPLEXITY" missed="39" covered="12"/><counter type="METHOD" missed="16" covered="6"/><counter type="CLASS" missed="0" covered="1"/></sourcefile><sourcefile name="RandomContentGenerator.java"><line nr="19" mi="3" ci="0" mb="0" cb="0"/><line nr="21" mi="6" ci="0" mb="0" cb="0"/><line nr="23" mi="4" ci="0" mb="0" cb="0"/><line nr="24" mi="5" ci="0" mb="0" cb="0"/><line nr="25" mi="5" ci="0" mb="0" cb="0"/><line nr="29" mi="4" ci="0" mb="0" cb="0"/><line nr="32" mi="5" ci="0" mb="0" cb="0"/><line nr="33" mi="5" ci="0" mb="0" cb="0"/><line nr="34" mi="4" ci="0" mb="2" cb="0"/><line nr="36" mi="2" ci="0" mb="0" cb="0"/><line nr="40" mi="4" ci="0" mb="0" cb="0"/><line nr="44" mi="3" ci="0" mb="2" cb="0"/><line nr="45" mi="2" ci="0" mb="0" cb="0"/><line nr="48" mi="5" ci="0" mb="0" cb="0"/><line nr="49" mi="5" ci="0" mb="0" cb="0"/><line nr="50" mi="4" ci="0" mb="2" cb="0"/><line nr="52" mi="2" ci="0" mb="0" cb="0"/><line nr="56" mi="4" ci="0" mb="0" cb="0"/><line nr="59" mi="5" ci="0" mb="0" cb="0"/><line nr="60" mi="5" ci="0" mb="0" cb="0"/><line nr="61" mi="8" ci="0" mb="4" cb="0"/><line nr="63" mi="2" ci="0" mb="0" cb="0"/><line nr="68" mi="4" ci="0" mb="0" cb="0"/><line nr="69" mi="4" ci="0" mb="0" cb="0"/><line nr="70" mi="4" ci="0" mb="0" cb="0"/><line nr="71" mi="9" ci="0" mb="2" cb="0"/><line nr="72" mi="6" ci="0" mb="0" cb="0"/><line nr="73" mi="4" ci="0" mb="0" cb="0"/><line nr="75" mi="3" ci="0" mb="0" cb="0"/><counter type="INSTRUCTION" missed="126" covered="0"/><counter type="BRANCH" missed="12" covered="0"/><counter type="LINE" missed="29" covered="0"/><counter type="COMPLEXITY" missed="13" covered="0"/><counter type="METHOD" missed="7" covered="0"/><counter type="CLASS" missed="1" covered="0"/></sourcefile><sourcefile name="EncryptUtil.java"><line nr="25" mi="4" ci="0" mb="0" cb="0"/><line nr="26" mi="3" ci="0" mb="0" cb="0"/><line nr="31" mi="10" ci="0" mb="0" cb="0"/><line nr="35" mi="4" ci="0" mb="0" cb="0"/><line nr="36" mi="5" ci="0" mb="0" cb="0"/><line nr="37" mi="3" ci="0" mb="0" cb="0"/><line nr="38" mi="2" ci="0" mb="0" cb="0"/><line nr="39" mi="4" ci="0" mb="0" cb="0"/><line nr="40" mi="3" ci="0" mb="0" cb="0"/><line nr="41" mi="6" ci="0" mb="0" cb="0"/><line nr="42" mi="3" ci="0" mb="0" cb="0"/><line nr="43" mi="2" ci="0" mb="0" cb="0"/><line nr="47" mi="10" ci="0" mb="0" cb="0"/><line nr="49" mi="6" ci="0" mb="0" cb="0"/><line nr="50" mi="12" ci="0" mb="0" cb="0"/><line nr="51" mi="12" ci="0" mb="0" cb="0"/><line nr="52" mi="4" ci="0" mb="0" cb="0"/><line nr="53" mi="1" ci="0" mb="0" cb="0"/><line nr="54" mi="2" ci="0" mb="0" cb="0"/><line nr="56" mi="2" ci="0" mb="0" cb="0"/><line nr="61" mi="4" ci="0" mb="0" cb="0"/><line nr="62" mi="3" ci="0" mb="0" cb="0"/><line nr="63" mi="3" ci="0" mb="0" cb="0"/><line nr="64" mi="5" ci="0" mb="0" cb="0"/><line nr="65" mi="3" ci="0" mb="0" cb="0"/><line nr="66" mi="3" ci="0" mb="0" cb="0"/><line nr="67" mi="4" ci="0" mb="0" cb="0"/><line nr="68" mi="1" ci="0" mb="0" cb="0"/><counter type="INSTRUCTION" missed="124" covered="0"/><counter type="LINE" missed="28" covered="0"/><counter type="COMPLEXITY" missed="6" covered="0"/><counter type="METHOD" missed="6" covered="0"/><counter type="CLASS" missed="1" covered="0"/></sourcefile><sourcefile name="Result.java"><line nr="16" mi="197" ci="0" mb="38" cb="0"/><line nr="17" mi="15" ci="0" mb="0" cb="0"/><line nr="19" mi="3" ci="0" mb="0" cb="0"/><line nr="20" mi="3" ci="0" mb="0" cb="0"/><line nr="21" mi="3" ci="0" mb="0" cb="0"/><line nr="22" mi="3" ci="0" mb="0" cb="0"/><line nr="25" mi="10" ci="0" mb="0" cb="0"/><line nr="29" mi="10" ci="0" mb="0" cb="0"/><line nr="33" mi="12" ci="0" mb="0" cb="0"/><counter type="INSTRUCTION" missed="256" covered="0"/><counter type="BRANCH" missed="38" covered="0"/><counter type="LINE" missed="9" covered="0"/><counter type="COMPLEXITY" missed="35" covered="0"/><counter type="METHOD" missed="16" covered="0"/><counter type="CLASS" missed="1" covered="0"/></sourcefile><counter type="INSTRUCTION" missed="2308" covered="217"/><counter type="BRANCH" missed="123" covered="15"/><counter type="LINE" missed="404" covered="50"/><counter type="COMPLEXITY" missed="160" covered="20"/><counter type="METHOD" missed="98" covered="13"/><counter type="CLASS" missed="6" covered="4"/></package><package name="com/nart/config"><class name="com/nart/config/WebSocketConfig" sourcefilename="WebSocketConfig.java"><method name="&lt;init&gt;" desc="()V" line="18"><counter type="INSTRUCTION" missed="3" covered="0"/><counter type="LINE" missed="1" covered="0"/><counter type="COMPLEXITY" missed="1" covered="0"/><counter type="METHOD" missed="1" covered="0"/></method><method name="serverEndpointExporter" desc="()Lorg/springframework/web/socket/server/standard/ServerEndpointExporter;" line="21"><counter type="INSTRUCTION" missed="4" covered="0"/><counter type="LINE" missed="1" covered="0"/><counter type="COMPLEXITY" missed="1" covered="0"/><counter type="METHOD" missed="1" covered="0"/></method><counter type="INSTRUCTION" missed="7" covered="0"/><counter type="LINE" missed="2" covered="0"/><counter type="COMPLEXITY" missed="2" covered="0"/><counter type="METHOD" missed="2" covered="0"/><counter type="CLASS" missed="1" covered="0"/></class><class name="com/nart/config/MybatisPlusConfig" sourcefilename="MybatisPlusConfig.java"><method name="&lt;init&gt;" desc="()V" line="9"><counter type="INSTRUCTION" missed="0" covered="3"/><counter type="LINE" missed="0" covered="1"/><counter type="COMPLEXITY" missed="0" covered="1"/><counter type="METHOD" missed="0" covered="1"/></method><method name="mybatisPlusInterceptor" desc="()Lcom/baomidou/mybatisplus/extension/plugins/MybatisPlusInterceptor;" line="13"><counter type="INSTRUCTION" missed="0" covered="11"/><counter type="LINE" missed="0" covered="3"/><counter type="COMPLEXITY" missed="0" covered="1"/><counter type="METHOD" missed="0" covered="1"/></method><counter type="INSTRUCTION" missed="0" covered="14"/><counter type="LINE" missed="0" covered="4"/><counter type="COMPLEXITY" missed="0" covered="2"/><counter type="METHOD" missed="0" covered="2"/><counter type="CLASS" missed="0" covered="1"/></class><class name="com/nart/config/RedisConfig" sourcefilename="RedisConfig.java"><method name="&lt;init&gt;" desc="()V" line="26"><counter type="INSTRUCTION" missed="0" covered="3"/><counter type="LINE" missed="0" covered="1"/><counter type="COMPLEXITY" missed="0" covered="1"/><counter type="METHOD" missed="0" covered="1"/></method><method name="redisTemplate" desc="()Lorg/springframework/data/redis/core/RedisTemplate;" line="32"><counter type="INSTRUCTION" missed="0" covered="32"/><counter type="LINE" missed="0" covered="7"/><counter type="COMPLEXITY" missed="0" covered="1"/><counter type="METHOD" missed="0" covered="1"/></method><counter type="INSTRUCTION" missed="0" covered="35"/><counter type="LINE" missed="0" covered="8"/><counter type="COMPLEXITY" missed="0" covered="2"/><counter type="METHOD" missed="0" covered="2"/><counter type="CLASS" missed="0" covered="1"/></class><class name="com/nart/config/WebMVCConfig" sourcefilename="WebMVCConfig.java"><method name="&lt;init&gt;" desc="()V" line="21"><counter type="INSTRUCTION" missed="0" covered="3"/><counter type="LINE" missed="0" covered="1"/><counter type="COMPLEXITY" missed="0" covered="1"/><counter type="METHOD" missed="0" covered="1"/></method><method name="addCorsMappings" desc="(Lorg/springframework/web/servlet/config/annotation/CorsRegistry;)V" line="29"><counter type="INSTRUCTION" missed="0" covered="39"/><counter type="LINE" missed="0" covered="4"/><counter type="COMPLEXITY" missed="0" covered="1"/><counter type="METHOD" missed="0" covered="1"/></method><method name="addInterceptors" desc="(Lorg/springframework/web/servlet/config/annotation/InterceptorRegistry;)V" line="37"><counter type="INSTRUCTION" missed="0" covered="41"/><counter type="LINE" missed="0" covered="7"/><counter type="COMPLEXITY" missed="0" covered="1"/><counter type="METHOD" missed="0" covered="1"/></method><counter type="INSTRUCTION" missed="0" covered="83"/><counter type="LINE" missed="0" covered="12"/><counter type="COMPLEXITY" missed="0" covered="3"/><counter type="METHOD" missed="0" covered="3"/><counter type="CLASS" missed="0" covered="1"/></class><class name="com/nart/config/ThreadPoolConfig" sourcefilename="ThreadPoolConfig.java"><method name="&lt;init&gt;" desc="()V" line="22"><counter type="INSTRUCTION" missed="0" covered="3"/><counter type="LINE" missed="0" covered="1"/><counter type="COMPLEXITY" missed="0" covered="1"/><counter type="METHOD" missed="0" covered="1"/></method><method name="asyncServiceExecutor" desc="()Ljava/util/concurrent/Executor;" line="26"><counter type="INSTRUCTION" missed="0" covered="26"/><counter type="LINE" missed="0" covered="9"/><counter type="COMPLEXITY" missed="0" covered="1"/><counter type="METHOD" missed="0" covered="1"/></method><counter type="INSTRUCTION" missed="0" covered="29"/><counter type="LINE" missed="0" covered="10"/><counter type="COMPLEXITY" missed="0" covered="2"/><counter type="METHOD" missed="0" covered="2"/><counter type="CLASS" missed="0" covered="1"/></class><sourcefile name="RedisConfig.java"><line nr="26" mi="0" ci="3" mb="0" cb="0"/><line nr="32" mi="0" ci="4" mb="0" cb="0"/><line nr="33" mi="0" ci="5" mb="0" cb="0"/><line nr="34" mi="0" ci="6" mb="0" cb="0"/><line nr="35" mi="0" ci="5" mb="0" cb="0"/><line nr="36" mi="0" ci="6" mb="0" cb="0"/><line nr="37" mi="0" ci="4" mb="0" cb="0"/><line nr="39" mi="0" ci="2" mb="0" cb="0"/><counter type="INSTRUCTION" missed="0" covered="35"/><counter type="LINE" missed="0" covered="8"/><counter type="COMPLEXITY" missed="0" covered="2"/><counter type="METHOD" missed="0" covered="2"/><counter type="CLASS" missed="0" covered="1"/></sourcefile><sourcefile name="ThreadPoolConfig.java"><line nr="22" mi="0" ci="3" mb="0" cb="0"/><line nr="26" mi="0" ci="4" mb="0" cb="0"/><line nr="28" mi="0" ci="3" mb="0" cb="0"/><line nr="29" mi="0" ci="3" mb="0" cb="0"/><line nr="30" mi="0" ci="3" mb="0" cb="0"/><line nr="31" mi="0" ci="3" mb="0" cb="0"/><line nr="32" mi="0" ci="3" mb="0" cb="0"/><line nr="33" mi="0" ci="3" mb="0" cb="0"/><line nr="34" mi="0" ci="2" mb="0" cb="0"/><line nr="35" mi="0" ci="2" mb="0" cb="0"/><counter type="INSTRUCTION" missed="0" covered="29"/><counter type="LINE" missed="0" covered="10"/><counter type="COMPLEXITY" missed="0" covered="2"/><counter type="METHOD" missed="0" covered="2"/><counter type="CLASS" missed="0" covered="1"/></sourcefile><sourcefile name="WebSocketConfig.java"><line nr="18" mi="3" ci="0" mb="0" cb="0"/><line nr="21" mi="4" ci="0" mb="0" cb="0"/><counter type="INSTRUCTION" missed="7" covered="0"/><counter type="LINE" missed="2" covered="0"/><counter type="COMPLEXITY" missed="2" covered="0"/><counter type="METHOD" missed="2" covered="0"/><counter type="CLASS" missed="1" covered="0"/></sourcefile><sourcefile name="MybatisPlusConfig.java"><line nr="9" mi="0" ci="3" mb="0" cb="0"/><line nr="13" mi="0" ci="4" mb="0" cb="0"/><line nr="15" mi="0" ci="5" mb="0" cb="0"/><line nr="16" mi="0" ci="2" mb="0" cb="0"/><counter type="INSTRUCTION" missed="0" covered="14"/><counter type="LINE" missed="0" covered="4"/><counter type="COMPLEXITY" missed="0" covered="2"/><counter type="METHOD" missed="0" covered="2"/><counter type="CLASS" missed="0" covered="1"/></sourcefile><sourcefile name="WebMVCConfig.java"><line nr="21" mi="0" ci="3" mb="0" cb="0"/><line nr="29" mi="0" ci="17" mb="0" cb="0"/><line nr="30" mi="0" ci="19" mb="0" cb="0"/><line nr="31" mi="0" ci="2" mb="0" cb="0"/><line nr="32" mi="0" ci="1" mb="0" cb="0"/><line nr="37" mi="0" ci="10" mb="0" cb="0"/><line nr="38" mi="0" ci="7" mb="0" cb="0"/><line nr="39" mi="0" ci="7" mb="0" cb="0"/><line nr="40" mi="0" ci="7" mb="0" cb="0"/><line nr="41" mi="0" ci="7" mb="0" cb="0"/><line nr="42" mi="0" ci="2" mb="0" cb="0"/><line nr="43" mi="0" ci="1" mb="0" cb="0"/><counter type="INSTRUCTION" missed="0" covered="83"/><counter type="LINE" missed="0" covered="12"/><counter type="COMPLEXITY" missed="0" covered="3"/><counter type="METHOD" missed="0" covered="3"/><counter type="CLASS" missed="0" covered="1"/></sourcefile><counter type="INSTRUCTION" missed="7" covered="161"/><counter type="LINE" missed="2" covered="34"/><counter type="COMPLEXITY" missed="2" covered="9"/><counter type="METHOD" missed="2" covered="9"/><counter type="CLASS" missed="1" covered="4"/></package><package name="com/nart/vo"><class name="com/nart/vo/CommentVo" sourcefilename="CommentVo.java"><method name="transfer" desc="(Lcom/nart/pojo/Comment;)Lcom/nart/vo/CommentVo;" line="14"><counter type="INSTRUCTION" missed="33" covered="0"/><counter type="LINE" missed="9" covered="0"/><counter type="COMPLEXITY" missed="1" covered="0"/><counter type="METHOD" missed="1" covered="0"/></method><method name="&lt;init&gt;" desc="()V" line="6"><counter type="INSTRUCTION" missed="3" covered="0"/><counter type="LINE" missed="1" covered="0"/><counter type="COMPLEXITY" missed="1" covered="0"/><counter type="METHOD" missed="1" covered="0"/></method><method name="getStatusId" desc="()Ljava/lang/String;" line="8"><counter type="INSTRUCTION" missed="3" covered="0"/><counter type="LINE" missed="1" covered="0"/><counter type="COMPLEXITY" missed="1" covered="0"/><counter type="METHOD" missed="1" covered="0"/></method><method name="getUname" desc="()Ljava/lang/String;" line="9"><counter type="INSTRUCTION" missed="3" covered="0"/><counter type="LINE" missed="1" covered="0"/><counter type="COMPLEXITY" missed="1" covered="0"/><counter type="METHOD" missed="1" covered="0"/></method><method name="getMsg" desc="()Ljava/lang/String;" line="10"><counter type="INSTRUCTION" missed="3" covered="0"/><counter type="LINE" missed="1" covered="0"/><counter type="COMPLEXITY" missed="1" covered="0"/><counter type="METHOD" missed="1" covered="0"/></method><method name="getCreateDate" desc="()Lcom/nart/vo/DateVo;" line="11"><counter type="INSTRUCTION" missed="3" covered="0"/><counter type="LINE" missed="1" covered="0"/><counter type="COMPLEXITY" missed="1" covered="0"/><counter type="METHOD" missed="1" covered="0"/></method><method name="setStatusId" desc="(Ljava/lang/String;)V" line="6"><counter type="INSTRUCTION" missed="4" covered="0"/><counter type="LINE" missed="1" covered="0"/><counter type="COMPLEXITY" missed="1" covered="0"/><counter type="METHOD" missed="1" covered="0"/></method><method name="setUname" desc="(Ljava/lang/String;)V" line="6"><counter type="INSTRUCTION" missed="4" covered="0"/><counter type="LINE" missed="1" covered="0"/><counter type="COMPLEXITY" missed="1" covered="0"/><counter type="METHOD" missed="1" covered="0"/></method><method name="setMsg" desc="(Ljava/lang/String;)V" line="6"><counter type="INSTRUCTION" missed="4" covered="0"/><counter type="LINE" missed="1" covered="0"/><counter type="COMPLEXITY" missed="1" covered="0"/><counter type="METHOD" missed="1" covered="0"/></method><method name="setCreateDate" desc="(Lcom/nart/vo/DateVo;)V" line="6"><counter type="INSTRUCTION" missed="4" covered="0"/><counter type="LINE" missed="1" covered="0"/><counter type="COMPLEXITY" missed="1" covered="0"/><counter type="METHOD" missed="1" covered="0"/></method><method name="equals" desc="(Ljava/lang/Object;)Z" line="6"><counter type="INSTRUCTION" missed="89" covered="0"/><counter type="BRANCH" missed="30" covered="0"/><counter type="LINE" missed="1" covered="0"/><counter type="COMPLEXITY" missed="16" covered="0"/><counter type="METHOD" missed="1" covered="0"/></method><method name="canEqual" desc="(Ljava/lang/Object;)Z" line="6"><counter type="INSTRUCTION" missed="3" covered="0"/><counter type="LINE" missed="1" covered="0"/><counter type="COMPLEXITY" missed="1" covered="0"/><counter type="METHOD" missed="1" covered="0"/></method><method name="hashCode" desc="()I" line="6"><counter type="INSTRUCTION" missed="62" covered="0"/><counter type="BRANCH" missed="8" covered="0"/><counter type="LINE" missed="1" covered="0"/><counter type="COMPLEXITY" missed="5" covered="0"/><counter type="METHOD" missed="1" covered="0"/></method><method name="toString" desc="()Ljava/lang/String;" line="6"><counter type="INSTRUCTION" missed="27" covered="0"/><counter type="LINE" missed="1" covered="0"/><counter type="COMPLEXITY" missed="1" covered="0"/><counter type="METHOD" missed="1" covered="0"/></method><counter type="INSTRUCTION" missed="245" covered="0"/><counter type="BRANCH" missed="38" covered="0"/><counter type="LINE" missed="14" covered="0"/><counter type="COMPLEXITY" missed="33" covered="0"/><counter type="METHOD" missed="14" covered="0"/><counter type="CLASS" missed="1" covered="0"/></class><class name="com/nart/vo/FriendVo" sourcefilename="FriendVo.java"><method name="transfer" desc="(Lcom/nart/pojo/Friend;)Lcom/nart/vo/FriendVo;" line="20"><counter type="INSTRUCTION" missed="27" covered="0"/><counter type="LINE" missed="7" covered="0"/><counter type="COMPLEXITY" missed="1" covered="0"/><counter type="METHOD" missed="1" covered="0"/></method><method name="&lt;init&gt;" desc="()V" line="8"><counter type="INSTRUCTION" missed="0" covered="3"/><counter type="LINE" missed="0" covered="1"/><counter type="COMPLEXITY" missed="0" covered="1"/><counter type="METHOD" missed="0" covered="1"/></method><method name="getId" desc="()Ljava/lang/String;" line="10"><counter type="INSTRUCTION" missed="3" covered="0"/><counter type="LINE" missed="1" covered="0"/><counter type="COMPLEXITY" missed="1" covered="0"/><counter type="METHOD" missed="1" covered="0"/></method><method name="getName" desc="()Ljava/lang/String;" line="11"><counter type="INSTRUCTION" missed="3" covered="0"/><counter type="LINE" missed="1" covered="0"/><counter type="COMPLEXITY" missed="1" covered="0"/><counter type="METHOD" missed="1" covered="0"/></method><method name="getAvatar" desc="()Ljava/lang/String;" line="12"><counter type="INSTRUCTION" misse
[...]
98" mi="13" ci="0" mb="0" cb="0"/><line nr="99" mi="12" ci="0" mb="0" cb="0"/><line nr="101" mi="5" ci="0" mb="0" cb="0"/><line nr="102" mi="5" ci="0" mb="0" cb="0"/><line nr="103" mi="3" ci="0" mb="0" cb="0"/><counter type="INSTRUCTION" missed="220" covered="3"/><counter type="BRANCH" missed="22" covered="0"/><counter type="LINE" missed="41" covered="1"/><counter type="COMPLEXITY" missed="15" covered="1"/><counter type="METHOD" missed="4" covered="1"/><counter type="CLASS" missed="0" covered="1"/></sourcefile><sourcefile name="DataCounterServiceImpl.java"><line nr="9" mi="0" ci="3" mb="0" cb="0"/><line nr="16" mi="0" ci="2" mb="1" cb="1"/><line nr="17" mi="5" ci="0" mb="0" cb="0"/><line nr="18" mi="2" ci="0" mb="0" cb="0"/><line nr="20" mi="0" ci="5" mb="0" cb="0"/><line nr="21" mi="0" ci="2" mb="0" cb="0"/><line nr="28" mi="0" ci="2" mb="1" cb="1"/><line nr="29" mi="5" ci="0" mb="0" cb="0"/><line nr="31" mi="2" ci="0" mb="0" cb="0"/><line nr="33" mi="0" ci="5" mb="0" cb="0"/><line nr="34" mi="0" ci="2" mb="0" cb="0"/><line nr="40" mi="0" ci="2" mb="1" cb="1"/><line nr="41" mi="0" ci="5" mb="0" cb="0"/><line nr="43" mi="0" ci="2" mb="0" cb="0"/><line nr="45" mi="5" ci="0" mb="0" cb="0"/><line nr="46" mi="2" ci="0" mb="0" cb="0"/><line nr="52" mi="0" ci="2" mb="1" cb="1"/><line nr="53" mi="0" ci="5" mb="0" cb="0"/><line nr="55" mi="0" ci="2" mb="0" cb="0"/><line nr="57" mi="5" ci="0" mb="0" cb="0"/><line nr="58" mi="2" ci="0" mb="0" cb="0"/><line nr="64" mi="0" ci="2" mb="1" cb="1"/><line nr="65" mi="0" ci="5" mb="0" cb="0"/><line nr="67" mi="0" ci="2" mb="0" cb="0"/><line nr="69" mi="5" ci="0" mb="0" cb="0"/><line nr="70" mi="2" ci="0" mb="0" cb="0"/><counter type="INSTRUCTION" missed="35" covered="48"/><counter type="BRANCH" missed="5" covered="5"/><counter type="LINE" missed="10" covered="16"/><counter type="COMPLEXITY" missed="5" covered="6"/><counter type="METHOD" missed="0" covered="6"/><counter type="CLASS" missed="0" covered="1"/></sourcefile><sourcefile name="UserServiceImpl.java"><line nr="26" mi="0" ci="3" mb="0" cb="0"/><line nr="44" mi="4" ci="0" mb="0" cb="0"/><line nr="45" mi="9" ci="0" mb="0" cb="0"/><line nr="46" mi="6" ci="0" mb="0" cb="0"/><line nr="48" mi="2" ci="0" mb="2" cb="0"/><line nr="49" mi="3" ci="0" mb="0" cb="0"/><line nr="50" mi="5" ci="0" mb="0" cb="0"/><line nr="51" mi="2" ci="0" mb="0" cb="0"/><line nr="53" mi="2" ci="0" mb="0" cb="0"/><line nr="58" mi="4" ci="0" mb="0" cb="0"/><line nr="59" mi="5" ci="0" mb="0" cb="0"/><line nr="60" mi="6" ci="0" mb="0" cb="0"/><line nr="66" mi="6" ci="0" mb="0" cb="0"/><line nr="67" mi="3" ci="0" mb="0" cb="0"/><line nr="68" mi="3" ci="0" mb="2" cb="0"/><line nr="69" mi="4" ci="0" mb="0" cb="0"/><line nr="71" mi="3" ci="0" mb="0" cb="0"/><line nr="72" mi="3" ci="0" mb="0" cb="0"/><line nr="73" mi="5" ci="0" mb="0" cb="0"/><line nr="74" mi="5" ci="0" mb="0" cb="0"/><line nr="75" mi="6" ci="0" mb="2" cb="0"/><line nr="77" mi="2" ci="0" mb="0" cb="0"/><line nr="82" mi="4" ci="0" mb="0" cb="0"/><line nr="83" mi="3" ci="0" mb="0" cb="0"/><line nr="84" mi="3" ci="0" mb="0" cb="0"/><line nr="85" mi="3" ci="0" mb="0" cb="0"/><line nr="86" mi="3" ci="0" mb="0" cb="0"/><line nr="87" mi="3" ci="0" mb="0" cb="0"/><line nr="88" mi="5" ci="0" mb="0" cb="0"/><line nr="89" mi="2" ci="0" mb="2" cb="0"/><line nr="90" mi="5" ci="0" mb="0" cb="0"/><line nr="91" mi="2" ci="0" mb="0" cb="0"/><line nr="94" mi="2" ci="0" mb="0" cb="0"/><line nr="99" mi="6" ci="0" mb="0" cb="0"/><line nr="101" mi="2" ci="0" mb="0" cb="0"/><line nr="106" mi="4" ci="0" mb="0" cb="0"/><line nr="107" mi="16" ci="0" mb="0" cb="0"/><line nr="108" mi="6" ci="0" mb="0" cb="0"/><line nr="113" mi="6" ci="0" mb="0" cb="0"/><line nr="114" mi="4" ci="0" mb="2" cb="0"/><line nr="115" mi="4" ci="0" mb="0" cb="0"/><line nr="117" mi="3" ci="0" mb="0" cb="0"/><line nr="118" mi="3" ci="0" mb="0" cb="0"/><line nr="119" mi="3" ci="0" mb="0" cb="0"/><line nr="120" mi="3" ci="0" mb="0" cb="0"/><line nr="121" mi="9" ci="0" mb="4" cb="0"/><line nr="122" mi="4" ci="0" mb="0" cb="0"/><line nr="123" mi="4" ci="0" mb="0" cb="0"/><line nr="124" mi="3" ci="0" mb="0" cb="0"/><line nr="126" mi="4" ci="0" mb="2" cb="0"/><line nr="127" mi="4" ci="0" mb="0" cb="0"/><line nr="129" mi="4" ci="0" mb="2" cb="0"/><line nr="130" mi="4" ci="0" mb="0" cb="0"/><line nr="132" mi="4" ci="0" mb="2" cb="0"/><line nr="133" mi="4" ci="0" mb="0" cb="0"/><line nr="135" mi="4" ci="0" mb="2" cb="0"/><line nr="136" mi="4" ci="0" mb="0" cb="0"/><line nr="138" mi="4" ci="0" mb="2" cb="0"/><line nr="139" mi="4" ci="0" mb="0" cb="0"/><line nr="141" mi="5" ci="0" mb="0" cb="0"/><line nr="142" mi="6" ci="0" mb="2" cb="0"/><line nr="148" mi="10" ci="0" mb="0" cb="0"/><line nr="149" mi="4" ci="0" mb="0" cb="0"/><line nr="150" mi="5" ci="0" mb="0" cb="0"/><line nr="151" mi="6" ci="0" mb="0" cb="0"/><line nr="152" mi="2" ci="0" mb="0" cb="0"/><line nr="159" mi="5" ci="0" mb="0" cb="0"/><line nr="160" mi="3" ci="0" mb="0" cb="0"/><line nr="161" mi="3" ci="0" mb="0" cb="0"/><line nr="162" mi="10" ci="0" mb="0" cb="0"/><line nr="165" mi="4" ci="0" mb="0" cb="0"/><line nr="166" mi="5" ci="0" mb="0" cb="0"/><line nr="167" mi="5" ci="0" mb="0" cb="0"/><line nr="169" mi="3" ci="0" mb="2" cb="0"/><line nr="170" mi="10" ci="0" mb="2" cb="0"/><line nr="171" mi="4" ci="0" mb="0" cb="0"/><line nr="172" mi="5" ci="0" mb="0" cb="0"/><line nr="173" mi="1" ci="0" mb="0" cb="0"/><line nr="178" mi="4" ci="0" mb="0" cb="0"/><line nr="179" mi="5" ci="0" mb="0" cb="0"/><line nr="180" mi="5" ci="0" mb="0" cb="0"/><line nr="182" mi="3" ci="0" mb="2" cb="0"/><line nr="183" mi="10" ci="0" mb="2" cb="0"/><line nr="184" mi="4" ci="0" mb="0" cb="0"/><line nr="185" mi="5" ci="0" mb="0" cb="0"/><line nr="186" mi="1" ci="0" mb="0" cb="0"/><line nr="190" mi="2" ci="0" mb="0" cb="0"/><counter type="INSTRUCTION" missed="378" covered="3"/><counter type="BRANCH" missed="34" covered="0"/><counter type="LINE" missed="86" covered="1"/><counter type="COMPLEXITY" missed="26" covered="1"/><counter type="METHOD" missed="9" covered="1"/><counter type="CLASS" missed="0" covered="1"/></sourcefile><sourcefile name="CommentServiceImpl.java"><line nr="14" mi="0" ci="3" mb="0" cb="0"/><line nr="27" mi="0" ci="4" mb="0" cb="0"/><line nr="29" mi="0" ci="6" mb="0" cb="0"/><line nr="30" mi="0" ci="11" mb="0" cb="0"/><line nr="32" mi="0" ci="5" mb="0" cb="0"/><line nr="33" mi="0" ci="10" mb="0" cb="2"/><line nr="34" mi="0" ci="3" mb="0" cb="0"/><line nr="35" mi="0" ci="6" mb="0" cb="0"/><line nr="36" mi="0" ci="3" mb="0" cb="0"/><line nr="37" mi="0" ci="3" mb="0" cb="0"/><line nr="38" mi="0" ci="1" mb="0" cb="0"/><line nr="40" mi="0" ci="2" mb="0" cb="0"/><line nr="45" mi="0" ci="4" mb="0" cb="0"/><line nr="46" mi="0" ci="3" mb="0" cb="0"/><line nr="47" mi="0" ci="3" mb="0" cb="0"/><line nr="48" mi="0" ci="3" mb="0" cb="0"/><line nr="49" mi="0" ci="2" mb="0" cb="0"/><line nr="50" mi="0" ci="3" mb="0" cb="0"/><line nr="51" mi="0" ci="3" mb="0" cb="0"/><line nr="52" mi="0" ci="3" mb="0" cb="0"/><line nr="53" mi="0" ci="5" mb="0" cb="0"/><line nr="54" mi="9" ci="0" mb="2" cb="0"/><counter type="INSTRUCTION" missed="9" covered="86"/><counter type="BRANCH" missed="2" covered="2"/><counter type="LINE" missed="1" covered="21"/><counter type="COMPLEXITY" missed="1" covered="4"/><counter type="METHOD" missed="0" covered="3"/><counter type="CLASS" missed="0" covered="1"/></sourcefile><sourcefile name="LoadDataInDataBaseImpl.java"><line nr="12" mi="0" ci="3" mb="0" cb="0"/><line nr="31" mi="0" ci="10" mb="0" cb="2"/><line nr="32" mi="0" ci="5" mb="0" cb="0"/><line nr="33" mi="0" ci="1" mb="0" cb="0"/><line nr="34" mi="0" ci="2" mb="0" cb="0"/><line nr="39" mi="10" ci="0" mb="2" cb="0"/><line nr="40" mi="5" ci="0" mb="0" cb="0"/><line nr="41" mi="1" ci="0" mb="0" cb="0"/><line nr="42" mi="2" ci="0" mb="0" cb="0"/><line nr="47" mi="10" ci="0" mb="2" cb="0"/><line nr="48" mi="5" ci="0" mb="0" cb="0"/><line nr="50" mi="1" ci="0" mb="0" cb="0"/><line nr="51" mi="2" ci="0" mb="0" cb="0"/><line nr="56" mi="10" ci="0" mb="2" cb="0"/><line nr="57" mi="5" ci="0" mb="0" cb="0"/><line nr="58" mi="1" ci="0" mb="0" cb="0"/><line nr="59" mi="2" ci="0" mb="0" cb="0"/><line nr="64" mi="10" ci="0" mb="2" cb="0"/><line nr="65" mi="5" ci="0" mb="0" cb="0"/><line nr="67" mi="1" ci="0" mb="0" cb="0"/><line nr="69" mi="2" ci="0" mb="0" cb="0"/><line nr="76" mi="10" ci="0" mb="2" cb="0"/><line nr="77" mi="5" ci="0" mb="0" cb="0"/><line nr="79" mi="1" ci="0" mb="0" cb="0"/><line nr="80" mi="2" ci="0" mb="0" cb="0"/><counter type="INSTRUCTION" missed="90" covered="21"/><counter type="BRANCH" missed="10" covered="2"/><counter type="LINE" missed="20" covered="5"/><counter type="COMPLEXITY" missed="10" covered="3"/><counter type="METHOD" missed="5" covered="2"/><counter type="CLASS" missed="0" covered="1"/></sourcefile><sourcefile name="ChatServiceImpl.java"><line nr="26" mi="0" ci="3" mb="0" cb="0"/><line nr="57" mi="5" ci="0" mb="0" cb="0"/><line nr="58" mi="5" ci="0" mb="0" cb="0"/><line nr="59" mi="6" ci="0" mb="2" cb="0"/><line nr="66" mi="3" ci="0" mb="0" cb="0"/><line nr="68" mi="6" ci="0" mb="0" cb="0"/><line nr="69" mi="3" ci="0" mb="0" cb="0"/><line nr="70" mi="3" ci="0" mb="0" cb="0"/><line nr="71" mi="5" ci="0" mb="0" cb="0"/><line nr="72" mi="5" ci="0" mb="0" cb="0"/><line nr="73" mi="6" ci="0" mb="2" cb="0"/><line nr="79" mi="4" ci="0" mb="0" cb="0"/><line nr="80" mi="5" ci="0" mb="0" cb="0"/><line nr="81" mi="6" ci="0" mb="0" cb="0"/><line nr="82" mi="3" ci="0" mb="0" cb="0"/><line nr="83" mi="2" ci="0" mb="0" cb="0"/><line nr="88" mi="4" ci="0" mb="0" cb="0"/><line nr="89" mi="5" ci="0" mb="0" cb="0"/><line nr="90" mi="6" ci="0" mb="0" cb="0"/><line nr="91" mi="3" ci="0" mb="0" cb="0"/><line nr="92" mi="2" ci="0" mb="0" cb="0"/><line nr="97" mi="4" ci="0" mb="0" cb="0"/><line nr="98" mi="11" ci="0" mb="0" cb="0"/><line nr="99" mi="11" ci="0" mb="0" cb="0"/><line nr="101" mi="6" ci="0" mb="0" cb="0"/><line nr="102" mi="3" ci="0" mb="0" cb="0"/><line nr="103" mi="3" ci="0" mb="0" cb="0"/><line nr="104" mi="4" ci="0" mb="0" cb="0"/><line nr="105" mi="4" ci="0" mb="0" cb="0"/><line nr="107" mi="10" ci="0" mb="2" cb="0"/><line nr="108" mi="4" ci="0" mb="0" cb="0"/><line nr="110" mi="7" ci="0" mb="0" cb="0"/><line nr="112" mi="2" ci="0" mb="2" cb="0"/><line nr="113" mi="4" ci="0" mb="0" cb="0"/><line nr="114" mi="4" ci="0" mb="0" cb="0"/><line nr="117" mi="4" ci="0" mb="0" cb="0"/><line nr="118" mi="1" ci="0" mb="0" cb="0"/><line nr="119" mi="2" ci="0" mb="0" cb="0"/><line nr="125" mi="4" ci="0" mb="0" cb="0"/><line nr="126" mi="5" ci="0" mb="0" cb="0"/><line nr="128" mi="15" ci="0" mb="0" cb="0"/><line nr="130" mi="6" ci="0" mb="0" cb="0"/><line nr="131" mi="3" ci="0" mb="0" cb="0"/><line nr="133" mi="4" ci="0" mb="0" cb="0"/><line nr="134" mi="4" ci="0" mb="0" cb="0"/><line nr="136" mi="10" ci="0" mb="2" cb="0"/><line nr="137" mi="4" ci="0" mb="0" cb="0"/><line nr="139" mi="7" ci="0" mb="0" cb="0"/><line nr="140" mi="2" ci="0" mb="2" cb="0"/><line nr="141" mi="4" ci="0" mb="0" cb="0"/><line nr="142" mi="4" ci="0" mb="0" cb="0"/><line nr="146" mi="4" ci="0" mb="0" cb="0"/><line nr="147" mi="1" ci="0" mb="0" cb="0"/><line nr="149" mi="2" ci="0" mb="0" cb="0"/><line nr="155" mi="3" ci="0" mb="2" cb="0"/><line nr="156" mi="6" ci="0" mb="0" cb="0"/><line nr="157" mi="3" ci="0" mb="0" cb="0"/><line nr="158" mi="4" ci="0" mb="0" cb="0"/><line nr="159" mi="5" ci="0" mb="0" cb="0"/><line nr="160" mi="6" ci="0" mb="2" cb="0"/><line nr="162" mi="4" ci="0" mb="0" cb="0"/><line nr="163" mi="5" ci="0" mb="0" cb="0"/><line nr="164" mi="6" ci="0" mb="0" cb="0"/><line nr="165" mi="6" ci="0" mb="0" cb="0"/><line nr="167" mi="3" ci="0" mb="0" cb="0"/><line nr="178" mi="4" ci="0" mb="0" cb="0"/><line nr="179" mi="5" ci="0" mb="0" cb="0"/><line nr="180" mi="6" ci="0" mb="2" cb="0"/><line nr="186" mi="2" ci="0" mb="0" cb="0"/><line nr="187" mi="5" ci="0" mb="0" cb="0"/><line nr="188" mi="4" ci="0" mb="0" cb="0"/><line nr="190" mi="4" ci="0" mb="0" cb="0"/><line nr="191" mi="1" ci="0" mb="0" cb="0"/><line nr="192" mi="2" ci="0" mb="0" cb="0"/><line nr="193" mi="1" ci="0" mb="0" cb="0"/><line nr="194" mi="5" ci="0" mb="0" cb="0"/><line nr="195" mi="2" ci="0" mb="0" cb="0"/><line nr="199" mi="4" ci="0" mb="0" cb="0"/><line nr="200" mi="5" ci="0" mb="0" cb="0"/><line nr="201" mi="4" ci="0" mb="0" cb="0"/><counter type="INSTRUCTION" missed="355" covered="3"/><counter type="BRANCH" missed="18" covered="0"/><counter type="LINE" missed="79" covered="1"/><counter type="COMPLEXITY" missed="18" covered="1"/><counter type="METHOD" missed="9" covered="1"/><counter type="CLASS" missed="0" covered="1"/></sourcefile><sourcefile name="GroupServiceImpl.java"><line nr="18" mi="0" ci="3" mb="0" cb="0"/><line nr="40" mi="4" ci="0" mb="0" cb="0"/><line nr="41" mi="5" ci="0" mb="0" cb="0"/><line nr="45" mi="5" ci="0" mb="0" cb="0"/><line nr="46" mi="4" ci="0" mb="0" cb="0"/><line nr="47" mi="10" ci="0" mb="2" cb="0"/><line nr="48" mi="3" ci="0" mb="0" cb="0"/><line nr="49" mi="6" ci="0" mb="0" cb="0"/><line nr="50" mi="3" ci="0" mb="0" cb="0"/><line nr="51" mi="3" ci="0" mb="0" cb="0"/><line nr="52" mi="3" ci="0" mb="0" cb="0"/><line nr="54" mi="4" ci="0" mb="0" cb="0"/><line nr="55" mi="3" ci="0" mb="0" cb="0"/><line nr="56" mi="3" ci="0" mb="0" cb="0"/><line nr="57" mi="3" ci="0" mb="0" cb="0"/><line nr="58" mi="4" ci="0" mb="0" cb="0"/><line nr="59" mi="1" ci="0" mb="0" cb="0"/><line nr="67" mi="4" ci="0" mb="0" cb="0"/><line nr="68" mi="4" ci="0" mb="0" cb="0"/><line nr="69" mi="10" ci="0" mb="2" cb="0"/><line nr="70" mi="4" ci="0" mb="0" cb="0"/><line nr="71" mi="4" ci="0" mb="0" cb="0"/><line nr="72" mi="1" ci="0" mb="0" cb="0"/><line nr="74" mi="2" ci="0" mb="0" cb="0"/><line nr="79" mi="5" ci="0" mb="0" cb="0"/><line nr="80" mi="6" ci="0" mb="2" cb="0"/><line nr="85" mi="3" ci="0" mb="0" cb="0"/><line nr="87" mi="4" ci="0" mb="0" cb="0"/><line nr="89" mi="5" ci="0" mb="0" cb="0"/><line nr="90" mi="6" ci="0" mb="0" cb="0"/><line nr="92" mi="3" ci="0" mb="0" cb="0"/><line nr="94" mi="4" ci="0" mb="0" cb="0"/><line nr="95" mi="10" ci="0" mb="2" cb="0"/><line nr="96" mi="3" ci="0" mb="0" cb="0"/><line nr="97" mi="6" ci="0" mb="0" cb="0"/><line nr="98" mi="4" ci="0" mb="0" cb="0"/><line nr="99" mi="1" ci="0" mb="0" cb="0"/><line nr="101" mi="4" ci="0" mb="0" cb="0"/><line nr="102" mi="4" ci="0" mb="0" cb="0"/><line nr="103" mi="10" ci="0" mb="2" cb="0"/><line nr="104" mi="4" ci="0" mb="0" cb="0"/><line nr="105" mi="4" ci="0" mb="0" cb="0"/><line nr="106" mi="1" ci="0" mb="0" cb="0"/><line nr="108" mi="2" ci="0" mb="0" cb="0"/><line nr="113" mi="4" ci="0" mb="0" cb="0"/><line nr="114" mi="5" ci="0" mb="0" cb="0"/><line nr="115" mi="5" ci="0" mb="0" cb="0"/><line nr="116" mi="5" ci="0" mb="0" cb="0"/><line nr="117" mi="6" ci="0" mb="2" cb="0"/><line nr="123" mi="4" ci="0" mb="0" cb="0"/><line nr="124" mi="5" ci="0" mb="0" cb="0"/><line nr="125" mi="5" ci="0" mb="0" cb="0"/><line nr="127" mi="4" ci="0" mb="0" cb="0"/><line nr="128" mi="3" ci="0" mb="0" cb="0"/><line nr="129" mi="6" ci="0" mb="0" cb="0"/><line nr="130" mi="6" ci="0" mb="2" cb="0"/><line nr="135" mi="3" ci="0" mb="0" cb="0"/><line nr="136" mi="4" ci="0" mb="0" cb="0"/><line nr="137" mi="5" ci="0" mb="0" cb="0"/><line nr="138" mi="11" ci="0" mb="0" cb="0"/><line nr="140" mi="6" ci="0" mb="0" cb="0"/><line nr="141" mi="3" ci="0" mb="0" cb="0"/><line nr="143" mi="4" ci="0" mb="0" cb="0"/><line nr="144" mi="4" ci="0" mb="0" cb="0"/><line nr="147" mi="10" ci="0" mb="2" cb="0"/><line nr="148" mi="4" ci="0" mb="0" cb="0"/><line nr="150" mi="7" ci="0" mb="0" cb="0"/><line nr="151" mi="4" ci="0" mb="0" cb="0"/><line nr="152" mi="4" ci="0" mb="0" cb="0"/><line nr="153" mi="4" ci="0" mb="0" cb="0"/><line nr="156" mi="7" ci="0" mb="0" cb="0"/><line nr="157" mi="4" ci="0" mb="0" cb="0"/><line nr="160" mi="4" ci="0" mb="0" cb="0"/><line nr="161" mi="1" ci="0" mb="0" cb="0"/><line nr="164" mi="2" ci="0" mb="0" cb="0"/><line nr="169" mi="4" ci="0" mb="0" cb="0"/><line nr="170" mi="3" ci="0" mb="0" cb="0"/><line nr="172" mi="6" ci="0" mb="0" cb="0"/><line nr="174" mi="4" ci="0" mb="0" cb="0"/><line nr="175" mi="7" ci="0" mb="0" cb="0"/><line nr="176" mi="5" ci="0" mb="0" cb="0"/><line nr="177" mi="6" ci="0" mb="2" cb="0"/><line nr="183" mi="0" ci="6" mb="0" cb="0"/><line nr="184" mi="0" ci="3" mb="1" cb="1"/><line nr="186" mi="3" ci="0" mb="0" cb="0"/><line nr="187" mi="3" ci="0" mb="0" cb="0"/><line nr="189" mi="4" ci="0" mb="0" cb="0"/><line nr="190" mi="3" ci="0" mb="0" cb="0"/><line nr="191" mi="3" ci="0" mb="0" cb="0"/><line nr="192" mi="6" ci="0" mb="0" cb="0"/><line nr="193" mi="6" ci="0" mb="0" cb="0"/><line nr="194" mi="5" ci="0" mb="0" cb="0"/><line nr="196" mi="5" ci="0" mb="0" cb="0"/><line nr="197" mi="6" ci="0" mb="2" cb="0"/><line nr="199" mi="5" ci="0" mb="0" cb="0"/><line nr="200" mi="2" ci="0" mb="0" cb="0"/><line nr="207" mi="4" ci="0" mb="0" cb="0"/><line nr="208" mi="5" ci="0" mb="0" cb="0"/><line nr="209" mi="5" ci="0" mb="0" cb="0"/><line nr="211" mi="4" ci="0" mb="0" cb="0"/><line nr="213" mi="4" ci="0" mb="2" cb="0"/><line nr="214" mi="3" ci="0" mb="0" cb="0"/><line nr="215" mi="4" ci="0" mb="0" cb="0"/><line nr="217" mi="3" ci="0" mb="0" cb="0"/><line nr="221" mi="5" ci="0" mb="0" cb="0"/><line nr="223" mi="4" ci="0" mb="2" cb="0"/><line nr="224" mi="4" ci="0" mb="0" cb="0"/><line nr="225" mi="5" ci="0" mb="0" cb="0"/><line nr="227" mi="6" ci="0" mb="0" cb="0"/><line nr="229" mi="3" ci="0" mb="0" cb="0"/><line nr="230" mi="4" ci="0" mb="0" cb="0"/><line nr="231" mi="3" ci="0" mb="0" cb="0"/><line nr="232" mi="3" ci="0" mb="0" cb="0"/><line nr="233" mi="3" ci="0" mb="0" cb="0"/><line nr="234" mi="5" ci="0" mb="0" cb="0"/><line nr="237" mi="1" ci="0" mb="0" cb="0"/><line nr="238" mi="6" ci="0" mb="0" cb="0"/><line nr="239" mi="3" ci="0" mb="0" cb="0"/><line nr="240" mi="4" ci="0" mb="0" cb="0"/><line nr="241" mi="3" ci="0" mb="0" cb="0"/><line nr="242" mi="3" ci="0" mb="0" cb="0"/><line nr="243" mi="3" ci="0" mb="0" cb="0"/><line nr="244" mi="5" ci="0" mb="0" cb="0"/><line nr="248" mi="6" ci="0" mb="2" cb="0"/><line nr="253" mi="6" ci="0" mb="0" cb="0"/><line nr="254" mi="3" ci="0" mb="0" cb="0"/><line nr="256" mi="3" ci="0" mb="0" cb="0"/><line nr="257" mi="4" ci="0" mb="0" cb="0"/><line nr="258" mi="3" ci="0" mb="0" cb="0"/><line nr="259" mi="3" ci="0" mb="0" cb="0"/><line nr="260" mi="5" ci="0" mb="0" cb="0"/><line nr="262" mi="5" ci="0" mb="0" cb="0"/><line nr="264" mi="5" ci="0" mb="0" cb="0"/><line nr="265" mi="5" ci="0" mb="0" cb="0"/><line nr="268" mi="6" ci="0" mb="2" cb="0"/><line nr="273" mi="4" ci="0" mb="0" cb="0"/><line nr="274" mi="5" ci="0" mb="0" cb="0"/><line nr="276" mi="5" ci="0" mb="0" cb="0"/><line nr="277" mi="4" ci="0" mb="0" cb="0"/><line nr="278" mi="10" ci="0" mb="2" cb="0"/><line nr="279" mi="3" ci="0" mb="0" cb="0"/><line nr="280" mi="4" ci="0" mb="0" cb="0"/><line nr="281" mi="1" ci="0" mb="0" cb="0"/><line nr="283" mi="2" ci="0" mb="0" cb="0"/><counter type="INSTRUCTION" missed="614" covered="12"/><counter type="BRANCH" missed="31" covered="1"/><counter type="LINE" missed="141" covered="3"/><counter type="COMPLEXITY" missed="26" covered="2"/><counter type="METHOD" missed="10" covered="2"/><counter type="CLASS" missed="0" covered="1"/></sourcefile><counter type="INSTRUCTION" missed="2222" covered="451"/><counter type="BRANCH" missed="160" covered="24"/><counter type="LINE" missed="492" covered="105"/><counter type="COMPLEXITY" missed="132" covered="30"/><counter type="METHOD" missed="48" covered="22"/><counter type="CLASS" missed="0" covered="9"/></package><counter type="INSTRUCTION" missed="14918" covered="1522"/><counter type="BRANCH" missed="1853" covered="39"/><counter type="LINE" missed="1801" covered="270"/><counter type="COMPLEXITY" missed="1518" covered="193"/><counter type="METHOD" missed="585" covered="178"/><counter type="CLASS" missed="25" covered="43"/></report>